{"meta": {"format": 3, "version": "7.11.0", "timestamp": "2025-10-31T18:16:14.937000", "branch_coverage": true, "show_contexts": false}, "files": {"cli/__init__.py": {"executed_lines": [3, 5, 7], "summary": {"covered_lines": 2, "num_statements": 2, "percent_covered": 100.0, "percent_covered_display": "100.00", "missing_lines": 0, "excluded_lines": 0, "num_branches": 0, "num_partial_branches": 0, "covered_branches": 0, "missing_branches": 0}, "missing_lines": [], "excluded_lines": [], "executed_branches": [], "missing_branches": [], "functions": {"": {"executed_lines": [3, 5, 7], "summary": {"covered_lines": 2, "num_statements": 2, "percent_covered": 100.0, "percent_covered_display": "100.00", "missing_lines": 0, "excluded_lines": 0, "num_branches": 0, "num_partial_branches": 0, "covered_branches": 0, "missing_branches": 0}, "missing_lines": [], "excluded_lines": [], "executed_branches": [], "missing_branches": []}}, "classes": {"": {"executed_lines": [3, 5, 7], "summary": {"covered_lines": 2, "num_statements": 2, "percent_covered": 100.0, "percent_covered_display": "100.00", "missing_lines": 0, "excluded_lines": 0, "num_branches": 0, "num_partial_branches": 0, "covered_branches": 0, "missing_branches": 0}, "missing_lines": [], "excluded_lines": [], "executed_branches": [], "missing_branches": []}}}, "cli/audit.py": {"executed_lines": [3, 20, 21, 22, 23, 24, 25, 26, 27, 28, 29, 30, 33, 34, 36, 40, 41, 43, 44, 45, 46, 47, 48, 49, 50, 51, 52, 53, 54, 55, 56, 57, 60, 61, 63, 70, 71, 72, 74, 75, 77, 86, 89, 90, 91, 92, 93, 98, 101, 102, 103, 104, 105, 109, 111, 123, 126, 127, 133, 144, 145, 147, 151, 153, 155, 156, 157, 163, 164, 166, 172, 173, 174, 175, 176, 178, 180, 181, 182, 183, 187, 196, 198, 201, 202, 203, 213, 222, 224, 225, 226, 228, 229, 230, 231, 232, 233, 234, 235, 240, 244, 245, 247, 249, 251, 253, 259, 260, 261, 262, 264, 265, 266, 274, 275, 277, 291, 292, 293, 296, 297, 298, 299, 301, 319, 329, 330, 333, 334, 336, 342, 347, 353, 358, 370, 386, 393, 400, 413, 429, 443, 455, 459, 474, 477, 490, 492, 509, 511, 512, 513, 514, 516, 517, 519, 520, 526, 535, 539, 586, 587, 589, 595, 596, 598, 607, 608, 610, 616, 617, 619, 620, 621, 622, 625, 626, 628, 629, 633, 634, 639, 641, 642, 643, 645, 647, 681], "summary": {"covered_lines": 178, "num_statements": 254, "percent_covered": 68.58974358974359, "percent_covered_display": "68.59", "missing_lines": 76, "excluded_lines": 14, "num_branches": 58, "num_partial_branches": 10, "covered_branches": 36, "missing_branches": 22}, "missing_lines": [37, 94, 95, 106, 107, 124, 148, 149, 158, 159, 160, 184, 185, 204, 205, 208, 209, 241, 242, 267, 268, 269, 270, 271, 364, 377, 388, 395, 407, 420, 449, 457, 478, 479, 480, 481, 482, 484, 488, 518, 522, 523, 524, 537, 548, 549, 551, 559, 560, 561, 562, 563, 565, 566, 567, 568, 570, 571, 573, 574, 576, 577, 578, 579, 581, 582, 583, 623, 630, 631, 653, 655, 667, 668, 669, 673], "excluded_lines": [50, 429, 430, 431, 432, 433, 434, 435, 436, 437, 438, 439, 440, 441], "executed_branches": [[74, 75], [89, 90], [89, 98], [92, 93], [123, 126], [144, 145], [144, 147], [147, 151], [182, -178], [182, 183], [225, 226], [225, 228], [229, 230], [229, 244], [230, 231], [244, 245], [244, 247], [264, -253], [264, 265], [266, 264], [298, -277], [298, 299], [329, 330], [329, 333], [477, 490], [516, 517], [516, 526], [517, 519], [519, 520], [619, 620], [619, 633], [622, 625], [634, 639], [634, 641], [642, 643], [642, 645]], "missing_branches": [[74, -63], [92, 98], [123, 124], [147, 148], [230, 229], [266, 267], [477, 478], [479, 480], [479, 488], [480, 479], [480, 481], [481, 482], [481, 484], [517, 518], [519, 522], [559, 560], [559, 581], [562, 563], [562, 565], [622, 623], [667, 668], [667, 673]], "functions": {"HMACKeyError.__init__": {"executed_lines": [], "summary": {"covered_lines": 0, "num_statements": 1, "percent_covered": 0.0, "percent_covered_display": "0.00", "missing_lines": 1, "excluded_lines": 0, "num_branches": 0, "num_partial_branches": 0, "covered_branches": 0, "missing_branches": 0}, "missing_lines": [37], "excluded_lines": [], "executed_branches": [], "missing_branches": []}, "AuditSigningService.__init__": {"executed_lines": [70, 71, 72, 74, 75], "summary": {"covered_lines": 5, "num_statements": 5, "percent_covered": 85.71428571428571, "percent_covered_display": "85.71", "missing_lines": 0, "excluded_lines": 0, "num_branches": 2, "num_partial_branches": 1, "covered_branches": 1, "missing_branches": 1}, "missing_lines": [], "excluded_lines": [], "executed_branches": [[74, 75]], "missing_branches": [[74, -63]]}, "AuditSigningService._load_or_create_hmac_key": {"executed_lines": [86, 89, 90, 91, 92, 93, 98, 101, 102, 103, 104, 105, 109], "summary": {"covered_lines": 13, "num_statements": 17, "percent_covered": 76.19047619047619, "percent_covered_display": "76.19", "missing_lines": 4, "excluded_lines": 0, "num_branches": 4, "num_partial_branches": 1, "covered_branches": 3, "missing_branches": 1}, "missing_lines": [94, 95, 106, 107], "excluded_lines": [], "executed_branches": [[89, 90], [89, 98], [92, 93]], "missing_branches": [[92, 98]]}, "AuditSigningService.sign_entry": {"executed_lines": [123, 126, 127], "summary": {"covered_lines": 3, "num_statements": 4, "percent_covered": 66.66666666666667, "percent_covered_display": "66.67", "missing_lines": 1, "excluded_lines": 0, "num_branches": 2, "num_partial_branches": 1, "covered_branches": 1, "missing_branches": 1}, "missing_lines": [124], "excluded_lines": [], "executed_branches": [[123, 126]], "missing_branches": [[123, 124]]}, "AuditSigningService.verify_signature": {"executed_lines": [144, 145, 147, 151, 153, 155, 156, 157], "summary": {"covered_lines": 8, "num_statements": 13, "percent_covered": 64.70588235294117, "percent_covered_display": "64.71", "missing_lines": 5, "excluded_lines": 0, "num_branches": 4, "num_partial_branches": 1, "covered_branches": 3, "missing_branches": 1}, "missing_lines": [148, 149, 158, 159, 160], "excluded_lines": [], "executed_branches": [[144, 145], [144, 147], [147, 151]], "missing_branches": [[147, 148]]}, "AuditLogStorage.__init__": {"executed_lines": [172, 173, 174, 175, 176], "summary": {"covered_lines": 5, "num_statements": 5, "percent_covered": 100.0, "percent_covered_display": "100.00", "missing_lines": 0, "excluded_lines": 0, "num_branches": 0, "num_partial_branches": 0, "covered_branches": 0, "missing_branches": 0}, "missing_lines": [], "excluded_lines": [], "executed_branches": [], "missing_branches": []}, "AuditLogStorage._ensure_secure_permissions": {"executed_lines": [180, 181, 182, 183], "summary": {"covered_lines": 4, "num_statements": 6, "percent_covered": 75.0, "percent_covered_display": "75.00", "missing_lines": 2, "excluded_lines": 0, "num_branches": 2, "num_partial_branches": 0, "covered_branches": 2, "missing_branches": 0}, "missing_lines": [184, 185], "excluded_lines": [], "executed_branches": [[182, -178], [182, 183]], "missing_branches": []}, "AuditLogStorage.write_entry": {"executed_lines": [196, 198, 201, 202, 203], "summary": {"covered_lines": 5, "num_statements": 9, "percent_covered": 55.55555555555556, "percent_covered_display": "55.56", "missing_lines": 4, "excluded_lines": 0, "num_branches": 0, "num_partial_branches": 0, "covered_branches": 0, "missing_branches": 0}, "missing_lines": [204, 205, 208, 209], "excluded_lines": [], "executed_branches": [], "missing_branches": []}, "AuditLogStorage.read_entries": {"executed_lines": [222, 224, 225, 226, 228, 229, 230, 231, 232, 233, 234, 235, 240, 244, 245, 247], "summary": {"covered_lines": 16, "num_statements": 18, "percent_covered": 88.46153846153847, "percent_covered_display": "88.46", "missing_lines": 2, "excluded_lines": 0, "num_branches": 8, "num_partial_branches": 1, "covered_branches": 7, "missing_branches": 1}, "missing_lines": [241, 242], "excluded_lines": [], "executed_branches": [[225, 226], [225, 228], [229, 230], [229, 244], [230, 231], [244, 245], [244, 247]], "missing_branches": [[230, 229]]}, "AuditLogStorage.get_log_file_path": {"executed_lines": [251], "summary": {"covered_lines": 1, "num_statements": 1, "percent_covered": 100.0, "percent_covered_display": "100.00", "missing_lines": 0, "excluded_lines": 0, "num_branches": 0, "num_partial_branches": 0, "covered_branches": 0, "missing_branches": 0}, "missing_lines": [], "excluded_lines": [], "executed_branches": [], "missing_branches": []}, "AuditLogStorage.rotate_logs": {"executed_lines": [259, 260, 261, 262, 264, 265, 266], "summary": {"covered_lines": 7, "num_statements": 12, "percent_covered": 62.5, "percent_covered_display": "62.50", "missing_lines": 5, "excluded_lines": 0, "num_branches": 4, "num_partial_branches": 1, "covered_branches": 3, "missing_branches": 1}, "missing_lines": [267, 268, 269, 270, 271], "excluded_lines": [], "executed_branches": [[264, -253], [264, 265], [266, 264]], "missing_branches": [[266, 267]]}, "AuditLogger.__init__": {"executed_lines": [291, 292, 293, 296, 297, 298, 299], "summary": {"covered_lines": 7, "num_statements": 7, "percent_covered": 100.0, "percent_covered_display": "100.00", "missing_lines": 0, "excluded_lines": 0, "num_branches": 2, "num_partial_branches": 0, "covered_branches": 2, "missing_branches": 0}, "missing_lines": [], "excluded_lines": [], "executed_branches": [[298, -277], [298, 299]], "missing_branches": []}, "AuditLogger.log_action": {"executed_lines": [319, 329, 330, 333, 334], "summary": {"covered_lines": 5, "num_statements": 5, "percent_covered": 100.0, "percent_covered_display": "100.00", "missing_lines": 0, "excluded_lines": 0, "num_branches": 2, "num_partial_branches": 0, "covered_branches": 2, "missing_branches": 0}, "missing_lines": [], "excluded_lines": [], "executed_branches": [[329, 330], [329, 333]], "missing_branches": []}, "AuditLogger.log_install_started": {"executed_lines": [342], "summary": {"covered_lines": 1, "num_statements": 1, "percent_covered": 100.0, "percent_covered_display": "100.00", "missing_lines": 0, "excluded_lines": 0, "num_branches": 0, "num_partial_branches": 0, "covered_branches": 0, "missing_branches": 0}, "missing_lines": [], "excluded_lines": [], "executed_branches": [], "missing_branches": []}, "AuditLogger.log_install_completed": {"executed_lines": [353], "summary": {"covered_lines": 1, "num_statements": 1, "percent_covered": 100.0, "percent_covered_display": "100.00", "missing_lines": 0, "excluded_lines": 0, "num_branches": 0, "num_partial_branches": 0, "covered_branches": 0, "missing_branches": 0}, "missing_lines": [], "excluded_lines": [], "executed_branches": [], "missing_branches": []}, "AuditLogger.log_install_failed": {"executed_lines": [], "summary": {"covered_lines": 0, "num_statements": 1, "percent_covered": 0.0, "percent_covered_display": "0.00", "missing_lines": 1, "excluded_lines": 0, "num_branches": 0, "num_partial_branches": 0, "covered_branches": 0, "missing_branches": 0}, "missing_lines": [364], "excluded_lines": [], "executed_branches": [], "missing_branches": []}, "AuditLogger.log_config_changed": {"executed_lines": [], "summary": {"covered_lines": 0, "num_statements": 1, "percent_covered": 0.0, "percent_covered_display": "0.00", "missing_lines": 1, "excluded_lines": 0, "num_branches": 0, "num_partial_branches": 0, "covered_branches": 0, "missing_branches": 0}, "missing_lines": [377], "excluded_lines": [], "executed_branches": [], "missing_branches": []}, "AuditLogger.log_plugin_installed": {"executed_lines": [], "summary": {"covered_lines": 0, "num_statements": 1, "percent_covered": 0.0, "percent_covered_display": "0.00", "missing_lines": 1, "excluded_lines": 0, "num_branches": 0, "num_partial_branches": 0, "covered_branches": 0, "missing_branches": 0}, "missing_lines": [388], "excluded_lines": [], "executed_branches": [], "missing_branches": []}, "AuditLogger.log_plugin_removed": {"executed_lines": [], "summary": {"covered_lines": 0, "num_statements": 1, "percent_covered": 0.0, "percent_covered_display": "0.00", "missing_lines": 1, "excluded_lines": 0, "num_branches": 0, "num_partial_branches": 0, "covered_branches": 0, "missing_branches": 0}, "missing_lines": [395], "excluded_lines": [], "executed_branches": [], "missing_branches": []}, "AuditLogger.log_security_check": {"executed_lines": [], "summary": {"covered_lines": 0, "num_statements": 1, "percent_covered": 0.0, "percent_covered_display": "0.00", "missing_lines": 1, "excluded_lines": 0, "num_branches": 0, "num_partial_branches": 0, "covered_branches": 0, "missing_branches": 0}, "missing_lines": [407], "excluded_lines": [], "executed_branches": [], "missing_branches": []}, "AuditLogger.log_permission_changed": {"executed_lines": [], "summary": {"covered_lines": 0, "num_statements": 1, "percent_covered": 0.0, "percent_covered_display": "0.00", "missing_lines": 1, "excluded_lines": 0, "num_branches": 0, "num_partial_branches": 0, "covered_branches": 0, "missing_branches": 0}, "missing_lines": [420], "excluded_lines": [], "executed_branches": [], "missing_branches": []}, "AuditLogger.log_verification": {"executed_lines": [], "summary": {"covered_lines": 0, "num_statements": 0, "percent_covered": 100.0, "percent_covered_display": "100.00", "missing_lines": 0, "excluded_lines": 7, "num_branches": 0, "num_partial_branches": 0, "covered_branches": 0, "missing_branches": 0}, "missing_lines": [], "excluded_lines": [435, 436, 437, 438, 439, 440, 441], "executed_branches": [], "missing_branches": []}, "AuditLogger.log_health_check": {"executed_lines": [], "summary": {"covered_lines": 0, "num_statements": 1, "percent_covered": 0.0, "percent_covered_display": "0.00", "missing_lines": 1, "excluded_lines": 0, "num_branches": 0, "num_partial_branches": 0, "covered_branches": 0, "missing_branches": 0}, "missing_lines": [449], "excluded_lines": [], "executed_branches": [], "missing_branches": []}, "AuditLogger.get_log_file_path": {"executed_lines": [], "summary": {"covered_lines": 0, "num_statements": 1, "percent_covered": 0.0, "percent_covered_display": "0.00", "missing_lines": 1, "excluded_lines": 0, "num_branches": 0, "num_partial_branches": 0, "covered_branches": 0, "missing_branches": 0}, "missing_lines": [457], "excluded_lines": [], "executed_branches": [], "missing_branches": []}, "AuditLogger.get_audit_logs": {"executed_lines": [474, 477, 490], "summary": {"covered_lines": 3, "num_statements": 10, "percent_covered": 22.22222222222222, "percent_covered_display": "22.22", "missing_lines": 7, "excluded_lines": 0, "num_branches": 8, "num_partial_branches": 1, "covered_branches": 1, "missing_branches": 7}, "missing_lines": [478, 479, 480, 481, 482, 484, 488], "excluded_lines": [], "executed_branches": [[477, 490]], "missing_branches": [[477, 478], [479, 480], [479, 488], [480, 479], [480, 481], [481, 482], [481, 484]]}, "AuditLogger.validate_log_integrity": {"executed_lines": [509, 511, 512, 513, 514, 516, 517, 519, 520, 526], "summary": {"covered_lines": 10, "num_statements": 14, "percent_covered": 70.0, "percent_covered_display": "70.00", "missing_lines": 4, "excluded_lines": 0, "num_branches": 6, "num_partial_branches": 2, "covered_branches": 4, "missing_branches": 2}, "missing_lines": [518, 522, 523, 524], "excluded_lines": [], "executed_branches": [[516, 517], [516, 526], [517, 519], [519, 520]], "missing_branches": [[517, 518], [519, 522]]}, "AuditLogger.rotate_logs": {"executed_lines": [], "summary": {"covered_lines": 0, "num_statements": 1, "percent_covered": 0.0, "percent_covered_display": "0.00", "missing_lines": 1, "excluded_lines": 0, "num_branches": 0, "num_partial_branches": 0, "covered_branches": 0, "missing_branches": 0}, "missing_lines": [537], "excluded_lines": [], "executed_branches": [], "missing_branches": []}, "AuditLogger.get_audit_summary": {"executed_lines": [], "summary": {"covered_lines": 0, "num_statements": 23, "percent_covered": 0.0, "percent_covered_display": "0.00", "missing_lines": 23, "excluded_lines": 0, "num_branches": 4, "num_partial_branches": 0, "covered_branches": 0, "missing_branches": 4}, "missing_lines": [548, 549, 551, 559, 560, 561, 562, 563, 565, 566, 567, 568, 570, 571, 573, 574, 576, 577, 578, 579, 581, 582, 583], "excluded_lines": [], "executed_branches": [], "missing_branches": [[559, 560], [559, 581], [562, 563], [562, 565]]}, "AuditReporter.__init__": {"executed_lines": [595, 596], "summary": {"covered_lines": 2, "num_statements": 2, "percent_covered": 100.0, "percent_covered_display": "100.00", "missing_lines": 0, "excluded_lines": 0, "num_branches": 0, "num_partial_branches": 0, "covered_branches": 0, "missing_branches": 0}, "missing_lines": [], "excluded_lines": [], "executed_branches": [], "missing_branches": []}, "AuditReporter.generate_activity_report": {"executed_lines": [607, 608, 610, 616, 617, 619, 620, 621, 622, 625, 626, 628, 629, 633, 634, 639, 641, 642, 643, 645], "summary": {"covered_lines": 20, "num_statements": 23, "percent_covered": 87.09677419354838, "percent_covered_display": "87.10", "missing_lines": 3, "excluded_lines": 0, "num_branches": 8, "num_partial_branches": 1, "covered_branches": 7, "missing_branches": 1}, "missing_lines": [623, 630, 631], "excluded_lines": [], "executed_branches": [[619, 620], [619, 633], [622, 625], [634, 639], [634, 641], [642, 643], [642, 645]], "missing_branches": [[622, 623]]}, "AuditReporter.generate_security_report": {"executed_lines": [], "summary": {"covered_lines": 0, "num_statements": 6, "percent_covered": 0.0, "percent_covered_display": "0.00", "missing_lines": 6, "excluded_lines": 0, "num_branches": 2, "num_partial_branches": 0, "covered_branches": 0, "missing_branches": 2}, "missing_lines": [653, 655, 667, 668, 669, 673], "excluded_lines": [], "executed_branches": [], "missing_branches": [[667, 668], [667, 673]]}, "": {"executed_lines": [3, 20, 21, 22, 23, 24, 25, 26, 27, 28, 29, 30, 33, 34, 36, 40, 41, 43, 44, 45, 46, 47, 48, 49, 50, 51, 52, 53, 54, 55, 56, 57, 60, 61, 63, 77, 111, 133, 163, 164, 166, 178, 187, 213, 249, 253, 274, 275, 277, 301, 336, 347, 358, 370, 386, 393, 400, 413, 429, 443, 455, 459, 492, 535, 539, 586, 587, 589, 598, 647, 681], "summary": {"covered_lines": 62, "num_statements": 62, "percent_covered": 100.0, "percent_covered_display": "100.00", "missing_lines": 0, "excluded_lines": 7, "num_branches": 0, "num_partial_branches": 0, "covered_branches": 0, "missing_branches": 0}, "missing_lines": [], "excluded_lines": [50, 429, 430, 431, 432, 433, 434], "executed_branches": [], "missing_branches": []}}, "classes": {"HMACKeyError": {"executed_lines": [], "summary": {"covered_lines": 0, "num_statements": 1, "percent_covered": 0.0, "percent_covered_display": "0.00", "missing_lines": 1, "excluded_lines": 0, "num_branches": 0, "num_partial_branches": 0, "covered_branches": 0, "missing_branches": 0}, "missing_lines": [37], "excluded_lines": [], "executed_branches": [], "missing_branches": []}, "AuditAction": {"executed_lines": [], "summary": {"covered_lines": 0, "num_statements": 0, "percent_covered": 100.0, "percent_covered_display": "100.00", "missing_lines": 0, "excluded_lines": 0, "num_branches": 0, "num_partial_branches": 0, "covered_branches": 0, "missing_branches": 0}, "missing_lines": [], "excluded_lines": [], "executed_branches": [], "missing_branches": []}, "AuditSigningService": {"executed_lines": [70, 71, 72, 74, 75, 86, 89, 90, 91, 92, 93, 98, 101, 102, 103, 104, 105, 109, 123, 126, 127, 144, 145, 147, 151, 153, 155, 156, 157], "summary": {"covered_lines": 29, "num_statements": 39, "percent_covered": 72.54901960784314, "percent_covered_display": "72.55", "missing_lines": 10, "excluded_lines": 0, "num_branches": 12, "num_partial_branches": 4, "covered_branches": 8, "missing_branches": 4}, "missing_lines": [94, 95, 106, 107, 124, 148, 149, 158, 159, 160], "excluded_lines": [], "executed_branches": [[74, 75], [89, 90], [89, 98], [92, 93], [123, 126], [144, 145], [144, 147], [147, 151]], "missing_branches": [[74, -63], [92, 98], [123, 124], [147, 148]]}, "AuditLogStorage": {"executed_lines": [172, 173, 174, 175, 176, 180, 181, 182, 183, 196, 198, 201, 202, 203, 222, 224, 225, 226, 228, 229, 230, 231, 232, 233, 234, 235, 240, 244, 245, 247, 251, 259, 260, 261, 262, 264, 265, 266], "summary": {"covered_lines": 38, "num_statements": 51, "percent_covered": 76.92307692307692, "percent_covered_display": "76.92", "missing_lines": 13, "excluded_lines": 0, "num_branches": 14, "num_partial_branches": 2, "covered_branches": 12, "missing_branches": 2}, "missing_lines": [184, 185, 204, 205, 208, 209, 241, 242, 267, 268, 269, 270, 271], "excluded_lines": [], "executed_branches": [[182, -178], [182, 183], [225, 226], [225, 228], [229, 230], [229, 244], [230, 231], [244, 245], [244, 247], [264, -253], [264, 265], [266, 264]], "missing_branches": [[230, 229], [266, 267]]}, "AuditLogger": {"executed_lines": [291, 292, 293, 296, 297, 298, 299, 319, 329, 330, 333, 334, 342, 353, 474, 477, 490, 509, 511, 512, 513, 514, 516, 517, 519, 520, 526], "summary": {"covered_lines": 27, "num_statements": 70, "percent_covered": 39.130434782608695, "percent_covered_display": "39.13", "missing_lines": 43, "excluded_lines": 7, "num_branches": 22, "num_partial_branches": 3, "covered_branches": 9, "missing_branches": 13}, "missing_lines": [364, 377, 388, 395, 407, 420, 449, 457, 478, 479, 480, 481, 482, 484, 488, 518, 522, 523, 524, 537, 548, 549, 551, 559, 560, 561, 562, 563, 565, 566, 567, 568, 570, 571, 573, 574, 576, 577, 578, 579, 581, 582, 583], "excluded_lines": [435, 436, 437, 438, 439, 440, 441], "executed_branches": [[298, -277], [298, 299], [329, 330], [329, 333], [477, 490], [516, 517], [516, 526], [517, 519], [519, 520]], "missing_branches": [[477, 478], [479, 480], [479, 488], [480, 479], [480, 481], [481, 482], [481, 484], [517, 518], [519, 522], [559, 560], [559, 581], [562, 563], [562, 565]]}, "AuditReporter": {"executed_lines": [595, 596, 607, 608, 610, 616, 617, 619, 620, 621, 622, 625, 626, 628, 629, 633, 634, 639, 641, 642, 643, 645], "summary": {"covered_lines": 22, "num_statements": 31, "percent_covered": 70.73170731707317, "percent_covered_display": "70.73", "missing_lines": 9, "excluded_lines": 0, "num_branches": 10, "num_partial_branches": 1, "covered_branches": 7, "missing_branches": 3}, "missing_lines": [623, 630, 631, 653, 655, 667, 668, 669, 673], "excluded_lines": [], "executed_branches": [[619, 620], [619, 633], [622, 625], [634, 639], [634, 641], [642, 643], [642, 645]], "missing_branches": [[622, 623], [667, 668], [667, 673]]}, "": {"executed_lines": [3, 20, 21, 22, 23, 24, 25, 26, 27, 28, 29, 30, 33, 34, 36, 40, 41, 43, 44, 45, 46, 47, 48, 49, 50, 51, 52, 53, 54, 55, 56, 57, 60, 61, 63, 77, 111, 133, 163, 164, 166, 178, 187, 213, 249, 253, 274, 275, 277, 301, 336, 347, 358, 370, 386, 393, 400, 413, 429, 443, 455, 459, 492, 535, 539, 586, 587, 589, 598, 647, 681], "summary": {"covered_lines": 62, "num_statements": 62, "percent_covered": 100.0, "percent_covered_display": "100.00", "missing_lines": 0, "excluded_lines": 7, "num_branches": 0, "num_partial_branches": 0, "covered_branches": 0, "missing_branches": 0}, "missing_lines": [], "excluded_lines": [50, 429, 430, 431, 432, 433, 434], "executed_branches": [], "missing_branches": []}}}, "cli/commit_validator.py": {"executed_lines": [3, 9, 10, 11, 12, 13, 14, 15, 16, 18, 21, 22, 24, 26, 27, 28, 29, 30, 32, 34, 35, 36, 38, 39, 40, 41, 45, 47, 48, 49, 51, 52, 56, 57, 65, 66, 67, 72, 73, 74, 75, 76, 78, 79, 80, 82, 83, 85, 87, 89, 90, 100, 115, 117, 118, 119, 120, 121, 122, 123, 125, 126, 128, 130, 131, 132, 134, 135, 136, 139, 154, 155, 156, 157, 158, 159, 160, 163, 164, 165, 167, 168, 170, 172, 173, 174, 176, 177, 178, 181, 196, 197, 198, 199, 201, 202, 203, 204, 208, 209, 211, 212, 213, 219, 220, 222, 256, 258, 259, 260, 262, 263, 266, 267, 270, 271, 272, 275, 276, 277, 278, 279, 285, 286, 287, 288, 289, 291, 293, 294, 297, 300, 301, 316, 321, 322, 326, 327, 329, 330, 337, 341, 342, 344, 352, 353, 354, 355, 356, 357, 358, 360, 361, 363, 365, 367, 368, 370, 371, 372, 374, 379, 380, 383, 384, 392, 393, 396, 397, 400, 401, 409, 410, 413, 414, 417, 418, 421, 423, 425, 426, 428, 429, 430, 431, 432, 434, 436, 438, 444, 477, 484], "summary": {"covered_lines": 164, "num_statements": 213, "percent_covered": 77.06093189964157, "percent_covered_display": "77.06", "missing_lines": 49, "excluded_lines": 61, "num_branches": 66, "num_partial_branches": 15, "covered_branches": 51, "missing_branches": 15}, "missing_lines": [53, 68, 69, 70, 108, 109, 110, 111, 112, 113, 137, 147, 148, 149, 150, 151, 152, 161, 179, 189, 190, 191, 192, 193, 194, 205, 206, 264, 281, 282, 283, 298, 309, 310, 311, 312, 313, 314, 317, 318, 319, 338, 339, 446, 447, 448, 464, 466, 467], "excluded_lines": [82, 167, 222, 223, 224, 225, 226, 227, 228, 229, 230, 231, 232, 233, 234, 235, 236, 237, 238, 239, 240, 241, 242, 243, 244, 245, 246, 247, 248, 249, 250, 251, 252, 253, 254, 288, 321, 344, 357, 358, 379, 380, 383, 384, 392, 393, 396, 397, 400, 401, 409, 410, 413, 414, 430, 431, 434, 470, 484, 485, 487], "executed_branches": [[51, 52], [51, 78], [52, 56], [72, 51], [72, 73], [73, 51], [73, 74], [74, 73], [74, 75], [115, 117], [115, 125], [117, 118], [118, 119], [120, 121], [136, 139], [154, 155], [154, 163], [155, 156], [155, 163], [156, 157], [158, 159], [158, 160], [160, 155], [178, 181], [197, 198], [197, 208], [198, 199], [201, 202], [201, 204], [204, 197], [208, 209], [211, 212], [211, 219], [262, 263], [262, 285], [263, 266], [270, 271], [270, 275], [276, 262], [276, 277], [277, 276], [277, 278], [297, 300], [353, 354], [353, 360], [354, 355], [360, 361], [367, 368], [367, 370], [370, 371], [370, 374]], "missing_branches": [[52, 53], [117, 125], [118, 117], [120, 117], [136, 137], [156, 155], [160, 161], [178, 179], [198, 197], [204, 205], [208, 211], [263, 264], [297, 298], [354, 353], [360, 363]], "functions": {"CodeQualityValidator.__init__": {"executed_lines": [26, 27, 28, 29, 30], "summary": {"covered_lines": 5, "num_statements": 5, "percent_covered": 100.0, "percent_covered_display": "100.00", "missing_lines": 0, "excluded_lines": 0, "num_branches": 0, "num_partial_branches": 0, "covered_branches": 0, "missing_branches": 0}, "missing_lines": [], "excluded_lines": [], "executed_branches": [], "missing_branches": []}, "CodeQualityValidator.setup_logging": {"executed_lines": [34, 35, 36, 38, 39, 40, 41], "summary": {"covered_lines": 7, "num_statements": 7, "percent_covered": 100.0, "percent_covered_display": "100.00", "missing_lines": 0, "excluded_lines": 0, "num_branches": 0, "num_partial_branches": 0, "covered_branches": 0, "missing_branches": 0}, "missing_lines": [], "excluded_lines": [], "executed_branches": [], "missing_branches": []}, "CodeQualityValidator.check_code_style": {"executed_lines": [47, 48, 49, 51, 52, 56, 57, 65, 66, 67, 72, 73, 74, 75, 76, 78, 79, 80, 82, 83], "summary": {"covered_lines": 19, "num_statements": 23, "percent_covered": 84.84848484848484, "percent_covered_display": "84.85", "missing_lines": 4, "excluded_lines": 1, "num_branches": 10, "num_partial_branches": 1, "covered_branches": 9, "missing_branches": 1}, "missing_lines": [53, 68, 69, 70], "excluded_lines": [82], "executed_branches": [[51, 52], [51, 78], [52, 56], [72, 51], [72, 73], [73, 51], [73, 74], [74, 73], [74, 75]], "missing_branches": [[52, 53]]}, "CodeQualityValidator.check_test_coverage": {"executed_lines": [87, 89, 90, 100, 115, 117, 118, 119, 120, 121, 122, 123, 125, 126], "summary": {"covered_lines": 14, "num_statements": 20, "percent_covered": 67.85714285714286, "percent_covered_display": "67.86", "missing_lines": 6, "excluded_lines": 0, "num_branches": 8, "num_partial_branches": 3, "covered_branches": 5, "missing_branches": 3}, "missing_lines": [108, 109, 110, 111, 112, 113], "excluded_lines": [], "executed_branches": [[115, 117], [115, 125], [117, 118], [118, 119], [120, 121]], "missing_branches": [[117, 125], [118, 117], [120, 117]]}, "CodeQualityValidator.check_security": {"executed_lines": [130, 131, 132, 134, 135, 136, 139, 154, 155, 156, 157, 158, 159, 160, 163, 164, 165, 167, 168], "summary": {"covered_lines": 18, "num_statements": 26, "percent_covered": 71.05263157894737, "percent_covered_display": "71.05", "missing_lines": 8, "excluded_lines": 1, "num_branches": 12, "num_partial_branches": 3, "covered_branches": 9, "missing_branches": 3}, "missing_lines": [137, 147, 148, 149, 150, 151, 152, 161], "excluded_lines": [167], "executed_branches": [[136, 139], [154, 155], [154, 163], [155, 156], [155, 163], [156, 157], [158, 159], [158, 160], [160, 155]], "missing_branches": [[136, 137], [156, 155], [160, 161]]}, "CodeQualityValidator.check_complexity": {"executed_lines": [172, 173, 174, 176, 177, 178, 181, 196, 197, 198, 199, 201, 202, 203, 204, 208, 209, 211, 212, 213, 219, 220], "summary": {"covered_lines": 22, "num_statements": 31, "percent_covered": 71.11111111111111, "percent_covered_display": "71.11", "missing_lines": 9, "excluded_lines": 0, "num_branches": 14, "num_partial_branches": 4, "covered_branches": 10, "missing_branches": 4}, "missing_lines": [179, 189, 190, 191, 192, 193, 194, 205, 206], "excluded_lines": [], "executed_branches": [[178, 181], [197, 198], [197, 208], [198, 199], [201, 202], [201, 204], [204, 197], [208, 209], [211, 212], [211, 219]], "missing_branches": [[178, 179], [198, 197], [204, 205], [208, 211]]}, "CodeQualityValidator.check_tests_pass": {"executed_lines": [], "summary": {"covered_lines": 0, "num_statements": 0, "percent_covered": 100.0, "percent_covered_display": "100.00", "missing_lines": 0, "excluded_lines": 32, "num_branches": 0, "num_partial_branches": 0, "covered_branches": 0, "missing_branches": 0}, "missing_lines": [], "excluded_lines": [223, 224, 225, 226, 227, 228, 229, 230, 231, 232, 233, 234, 235, 236, 237, 238, 239, 240, 241, 242, 243, 244, 245, 246, 247, 248, 249, 250, 251, 252, 253, 254], "executed_branches": [], "missing_branches": []}, "CodeQualityValidator.check_documentation": {"executed_lines": [258, 259, 260, 262, 263, 266, 267, 270, 271, 272, 275, 276, 277, 278, 279, 285, 286, 287, 288, 289], "summary": {"covered_lines": 19, "num_statements": 23, "percent_covered": 84.84848484848484, "percent_covered_display": "84.85", "missing_lines": 4, "excluded_lines": 1, "num_branches": 10, "num_partial_branches": 1, "covered_branches": 9, "missing_branches": 1}, "missing_lines": [264, 281, 282, 283], "excluded_lines": [288], "executed_branches": [[262, 263], [262, 285], [263, 266], [270, 271], [270, 275], [276, 262], [276, 277], [277, 276], [277, 278]], "missing_branches": [[263, 264]]}, "CodeQualityValidator.check_dependencies": {"executed_lines": [293, 294, 297, 300, 301, 316, 321, 322], "summary": {"covered_lines": 7, "num_statements": 17, "percent_covered": 42.10526315789474, "percent_covered_display": "42.11", "missing_lines": 10, "excluded_lines": 1, "num_branches": 2, "num_partial_branches": 1, "covered_branches": 1, "missing_branches": 1}, "missing_lines": [298, 309, 310, 311, 312, 313, 314, 317, 318, 319], "excluded_lines": [321], "executed_branches": [[297, 300]], "missing_branches": [[297, 298]]}, "CodeQualityValidator.get_staged_files": {"executed_lines": [329, 330, 337], "summary": {"covered_lines": 3, "num_statements": 5, "percent_covered": 60.0, "percent_covered_display": "60.00", "missing_lines": 2, "excluded_lines": 0, "num_branches": 0, "num_partial_branches": 0, "covered_branches": 0, "missing_branches": 0}, "missing_lines": [338, 339], "excluded_lines": [], "executed_branches": [], "missing_branches": []}, "CodeQualityValidator.generate_quality_report": {"executed_lines": [344, 352, 353, 354, 355, 356, 357, 358, 360, 361, 363], "summary": {"covered_lines": 8, "num_statements": 8, "percent_covered": 85.71428571428571, "percent_covered_display": "85.71", "missing_lines": 0, "excluded_lines": 3, "num_branches": 6, "num_partial_branches": 2, "covered_branches": 4, "missing_branches": 2}, "missing_lines": [], "excluded_lines": [344, 357, 358], "executed_branches": [[353, 354], [353, 360], [354, 355], [360, 361]], "missing_branches": [[354, 353], [360, 363]]}, "CodeQualityValidator.run_all_checks": {"executed_lines": [367, 368, 370, 371, 372, 374, 379, 380, 383, 384, 392, 393, 396, 397, 400, 401, 409, 410, 413, 414, 417, 418, 421, 423], "summary": {"covered_lines": 10, "num_statements": 10, "percent_covered": 100.0, "percent_covered_display": "100.00", "missing_lines": 0, "excluded_lines": 14, "num_branches": 4, "num_partial_branches": 0, "covered_branches": 4, "missing_branches": 0}, "missing_lines": [], "excluded_lines": [379, 380, 383, 384, 392, 393, 396, 397, 400, 401, 409, 410, 413, 414], "executed_branches": [[367, 368], [367, 370], [370, 371], [370, 374]], "missing_branches": []}, "CodeQualityValidator.display_summary": {"executed_lines": [428, 429, 430, 431, 432, 434], "summary": {"covered_lines": 3, "num_statements": 3, "percent_covered": 100.0, "percent_covered_display": "100.00", "missing_lines": 0, "excluded_lines": 3, "num_branches": 0, "num_partial_branches": 0, "covered_branches": 0, "missing_branches": 0}, "missing_lines": [], "excluded_lines": [430, 431, 434], "executed_branches": [], "missing_branches": []}, "CodeQualityValidator.save_quality_report": {"executed_lines": [438], "summary": {"covered_lines": 1, "num_statements": 1, "percent_covered": 100.0, "percent_covered_display": "100.00", "missing_lines": 0, "excluded_lines": 0, "num_branches": 0, "num_partial_branches": 0, "covered_branches": 0, "missing_branches": 0}, "missing_lines": [], "excluded_lines": [], "executed_branches": [], "missing_branches": []}, "main": {"executed_lines": [], "summary": {"covered_lines": 0, "num_statements": 6, "percent_covered": 0.0, "percent_covered_display": "0.00", "missing_lines": 6, "excluded_lines": 1, "num_branches": 0, "num_partial_branches": 0, "covered_branches": 0, "missing_branches": 0}, "missing_lines": [446, 447, 448, 464, 466, 467], "excluded_lines": [470], "executed_branches": [], "missing_branches": []}, "": {"executed_lines": [3, 9, 10, 11, 12, 13, 14, 15, 16, 18, 21, 22, 24, 32, 45, 85, 128, 170, 222, 256, 291, 326, 327, 341, 342, 365, 425, 426, 436, 444, 477, 484], "summary": {"covered_lines": 28, "num_statements": 28, "percent_covered": 100.0, "percent_covered_display": "100.00", "missing_lines": 0, "excluded_lines": 4, "num_branches": 0, "num_partial_branches": 0, "covered_branches": 0, "missing_branches": 0}, "missing_lines": [], "excluded_lines": [222, 484, 485, 487], "executed_branches": [], "missing_branches": []}}, "classes": {"CodeQualityValidator": {"executed_lines": [26, 27, 28, 29, 30, 34, 35, 36, 38, 39, 40, 41, 47, 48, 49, 51, 52, 56, 57, 65, 66, 67, 72, 73, 74, 75, 76, 78, 79, 80, 82, 83, 87, 89, 90, 100, 115, 117, 118, 119, 120, 121, 122, 123, 125, 126, 130, 131, 132, 134, 135, 136, 139, 154, 155, 156, 157, 158, 159, 160, 163, 164, 165, 167, 168, 172, 173, 174, 176, 177, 178, 181, 196, 197, 198, 199, 201, 202, 203, 204, 208, 209, 211, 212, 213, 219, 220, 258, 259, 260, 262, 263, 266, 267, 270, 271, 272, 275, 276, 277, 278, 279, 285, 286, 287, 288, 289, 293, 294, 297, 300, 301, 316, 321, 322, 329, 330, 337, 344, 352, 353, 354, 355, 356, 357, 358, 360, 361, 363, 367, 368, 370, 371, 372, 374, 379, 380, 383, 384, 392, 393, 396, 397, 400, 401, 409, 410, 413, 414, 417, 418, 421, 423, 428, 429, 430, 431, 432, 434, 438], "summary": {"covered_lines": 136, "num_statements": 179, "percent_covered": 76.3265306122449, "percent_covered_display": "76.33", "missing_lines": 43, "excluded_lines": 56, "num_branches": 66, "num_partial_branches": 15, "covered_branches": 51, "missing_branches": 15}, "missing_lines": [53, 68, 69, 70, 108, 109, 110, 111, 112, 113, 137, 147, 148, 149, 150, 151, 152, 161, 179, 189, 190, 191, 192, 193, 194, 205, 206, 264, 281, 282, 283, 298, 309, 310, 311, 312, 313, 314, 317, 318, 319, 338, 339], "excluded_lines": [82, 167, 223, 224, 225, 226, 227, 228, 229, 230, 231, 232, 233, 234, 235, 236, 237, 238, 239, 240, 241, 242, 243, 244, 245, 246, 247, 248, 249, 250, 251, 252, 253, 254, 288, 321, 344, 357, 358, 379, 380, 383, 384, 392, 393, 396, 397, 400, 401, 409, 410, 413, 414, 430, 431, 434], "executed_branches": [[51, 52], [51, 78], [52, 56], [72, 51], [72, 73], [73, 51], [73, 74], [74, 73], [74, 75], [115, 117], [115, 125], [117, 118], [118, 119], [120, 121], [136, 139], [154, 155], [154, 163], [155, 156], [155, 163], [156, 157], [158, 159], [158, 160], [160, 155], [178, 181], [197, 198], [197, 208], [198, 199], [201, 202], [201, 204], [204, 197], [208, 209], [211, 212], [211, 219], [262, 263], [262, 285], [263, 266], [270, 271], [270, 275], [276, 262], [276, 277], [277, 276], [277, 278], [297, 300], [353, 354], [353, 360], [354, 355], [360, 361], [367, 368], [367, 370], [370, 371], [370, 374]], "missing_branches": [[52, 53], [117, 125], [118, 117], [120, 117], [136, 137], [156, 155], [160, 161], [178, 179], [198, 197], [204, 205], [208, 211], [263, 264], [297, 298], [354, 353], [360, 363]]}, "": {"executed_lines": [3, 9, 10, 11, 12, 13, 14, 15, 16, 18, 21, 22, 24, 32, 45, 85, 128, 170, 222, 256, 291, 326, 327, 341, 342, 365, 425, 426, 436, 444, 477, 484], "summary": {"covered_lines": 28, "num_statements": 34, "percent_covered": 82.3529411764706, "percent_covered_display": "82.35", "missing_lines": 6, "excluded_lines": 5, "num_branches": 0, "num_partial_branches": 0, "covered_branches": 0, "missing_branches": 0}, "missing_lines": [446, 447, 448, 464, 466, 467], "excluded_lines": [222, 470, 484, 485, 487], "executed_branches": [], "missing_branches": []}}}, "cli/config_engine.py": {"executed_lines": [4, 10, 11, 12, 13, 14, 15, 16, 17, 18, 19, 20, 22, 24, 27, 30, 31, 34, 35, 37, 38, 39, 42, 43, 52, 59, 60, 61, 63, 72, 75, 76, 79, 80, 82, 86, 87, 88, 89, 92, 93, 94, 96, 102, 108, 109, 111, 113, 119, 120, 128, 129, 131, 132, 133, 134, 136, 145, 146, 147, 149, 150, 151, 154, 155, 167, 181, 182, 183, 184, 185, 188, 189, 191, 192, 194, 196, 209, 211, 212, 213, 214, 217, 218, 224, 225, 234, 235, 236, 241, 243, 244, 245, 251, 253, 254, 312, 313, 319, 329, 330, 331, 332, 334, 335, 336, 337, 338, 340, 341, 342, 343, 344, 349, 351, 352, 363, 364, 365, 366, 367, 369, 370, 382, 383, 384, 385, 386, 387, 389, 396, 397, 399, 400, 401, 404, 405, 408, 409, 410, 412, 414, 415, 416, 422, 424, 480, 487, 488, 490, 491, 492, 493, 494, 496, 498, 516, 517, 518, 520, 521, 522, 524, 525, 527, 528, 529, 530, 532, 533, 534, 536, 538, 539, 540, 541, 543, 545, 546, 547, 548, 549, 551, 553, 554, 555, 556, 558, 560, 561, 562, 564, 565, 566, 568, 574, 577, 578, 579, 580, 582, 584, 593, 594, 596, 597, 598, 600, 601, 603, 605, 606, 608, 610, 612, 620, 621, 623, 625, 629, 635, 643, 655, 664, 721, 728], "summary": {"covered_lines": 219, "num_statements": 308, "percent_covered": 68.75, "percent_covered_display": "68.75", "missing_lines": 89, "excluded_lines": 2, "num_branches": 92, "num_partial_branches": 6, "covered_branches": 56, "missing_branches": 36}, "missing_lines": [83, 219, 220, 221, 226, 231, 246, 247, 248, 249, 345, 346, 347, 440, 443, 446, 447, 450, 451, 454, 455, 456, 457, 460, 461, 464, 465, 466, 469, 470, 471, 474, 475, 477, 478, 614, 615, 616, 618, 627, 631, 632, 633, 637, 638, 639, 640, 641, 652, 653, 661, 666, 667, 668, 669, 670, 671, 672, 673, 674, 675, 676, 678, 681, 684, 685, 688, 689, 690, 692, 693, 694, 696, 697, 698, 699, 700, 701, 703, 704, 705, 707, 708, 709, 711, 713, 716, 717, 718], "excluded_lines": [721, 722], "executed_branches": [[75, 76], [75, 79], [82, 86], [86, 87], [86, 92], [108, 109], [108, 111], [119, 120], [119, 128], [132, 133], [209, 211], [209, 217], [225, 234], [235, -196], [235, 236], [330, 331], [330, 334], [340, 341], [340, 349], [363, 364], [363, 365], [365, 366], [365, 367], [383, 384], [383, 387], [384, 385], [399, 400], [399, 414], [400, 401], [400, 404], [408, 409], [408, 412], [414, 415], [491, 492], [491, 496], [516, 517], [516, 524], [520, 521], [520, 524], [527, 528], [527, 532], [528, 529], [540, -536], [540, 541], [548, -543], [548, 549], [555, -551], [555, 556], [561, 562], [561, 564], [565, -558], [565, 566], [593, 594], [593, 596], [596, 597], [596, 600]], "missing_branches": [[82, 83], [132, 136], [225, 226], [384, 386], [414, 422], [446, 447], [446, 454], [454, 455], [454, 460], [464, 465], [464, 469], [470, 471], [470, 474], [528, 530], [614, -612], [614, 615], [615, 616], [615, 618], [638, 639], [638, 641], [688, 689], [688, 692], [692, 693], [692, 696], [696, 697], [696, 703], [698, 699], [698, 700], [703, 704], [703, 707], [707, 708], [707, 711], [711, 713], [711, 716], [717, -664], [717, 718]], "functions": {"RateLimiter.__init__": {"executed_lines": [59, 60, 61], "summary": {"covered_lines": 3, "num_statements": 3, "percent_covered": 100.0, "percent_covered_display": "100.00", "missing_lines": 0, "excluded_lines": 0, "num_branches": 0, "num_partial_branches": 0, "covered_branches": 0, "missing_branches": 0}, "missing_lines": [], "excluded_lines": [], "executed_branches": [], "missing_branches": []}, "RateLimiter.is_allowed": {"executed_lines": [72, 75, 76, 79, 80, 82, 86, 87, 88, 89, 92, 93, 94, 96], "summary": {"covered_lines": 14, "num_statements": 15, "percent_covered": 90.47619047619048, "percent_covered_display": "90.48", "missing_lines": 1, "excluded_lines": 0, "num_branches": 6, "num_partial_branches": 1, "covered_branches": 5, "missing_branches": 1}, "missing_lines": [83], "excluded_lines": [], "executed_branches": [[75, 76], [75, 79], [82, 86], [86, 87], [86, 92]], "missing_branches": [[82, 83]]}, "RateLimiter.reset": {"executed_lines": [108, 109, 111], "summary": {"covered_lines": 3, "num_statements": 3, "percent_covered": 100.0, "percent_covered_display": "100.00", "missing_lines": 0, "excluded_lines": 0, "num_branches": 2, "num_partial_branches": 0, "covered_branches": 2, "missing_branches": 0}, "missing_lines": [], "excluded_lines": [], "executed_branches": [[108, 109], [108, 111]], "missing_branches": []}, "RateLimiter.get_stats": {"executed_lines": [119, 120, 128, 129, 131, 132, 133, 134, 136], "summary": {"covered_lines": 9, "num_statements": 9, "percent_covered": 92.3076923076923, "percent_covered_display": "92.31", "missing_lines": 0, "excluded_lines": 0, "num_branches": 4, "num_partial_branches": 1, "covered_branches": 3, "missing_branches": 1}, "missing_lines": [], "excluded_lines": [], "executed_branches": [[119, 120], [119, 128], [132, 133]], "missing_branches": [[132, 136]]}, "ConfigurationEngine.__init__": {"executed_lines": [181, 182, 183, 184, 185, 188, 189], "summary": {"covered_lines": 7, "num_statements": 7, "percent_covered": 100.0, "percent_covered_display": "100.00", "missing_lines": 0, "excluded_lines": 0, "num_branches": 0, "num_partial_branches": 0, "covered_branches": 0, "missing_branches": 0}, "missing_lines": [], "excluded_lines": [], "executed_branches": [], "missing_branches": []}, "ConfigurationEngine._setup_logger": {"executed_lines": [194], "summary": {"covered_lines": 1, "num_statements": 1, "percent_covered": 100.0, "percent_covered_display": "100.00", "missing_lines": 0, "excluded_lines": 0, "num_branches": 0, "num_partial_branches": 0, "covered_branches": 0, "missing_branches": 0}, "missing_lines": [], "excluded_lines": [], "executed_branches": [], "missing_branches": []}, "ConfigurationEngine.validate_and_secure_config_file": {"executed_lines": [209, 211, 212, 213, 214, 217, 218, 224, 225, 234, 235, 236, 241, 243, 244, 245], "summary": {"covered_lines": 16, "num_statements": 25, "percent_covered": 67.74193548387096, "percent_covered_display": "67.74", "missing_lines": 9, "excluded_lines": 0, "num_branches": 6, "num_partial_branches": 1, "covered_branches": 5, "missing_branches": 1}, "missing_lines": [219, 220, 221, 226, 231, 246, 247, 248, 249], "excluded_lines": [], "executed_branches": [[209, 211], [209, 217], [225, 234], [235, -196], [235, 236]], "missing_branches": [[225, 226]]}, "ConfigurationEngine.load_defaults": {"executed_lines": [253, 254, 312, 313], "summary": {"covered_lines": 4, "num_statements": 4, "percent_covered": 100.0, "percent_covered_display": "100.00", "missing_lines": 0, "excluded_lines": 0, "num_branches": 0, "num_partial_branches": 0, "covered_branches": 0, "missing_branches": 0}, "missing_lines": [], "excluded_lines": [], "executed_branches": [], "missing_branches": []}, "ConfigurationEngine.load_file": {"executed_lines": [329, 330, 331, 332, 334, 335, 336, 337, 338, 340, 341, 342, 343, 344, 349], "summary": {"covered_lines": 15, "num_statements": 18, "percent_covered": 86.36363636363636, "percent_covered_display": "86.36", "missing_lines": 3, "excluded_lines": 0, "num_branches": 4, "num_partial_branches": 0, "covered_branches": 4, "missing_branches": 0}, "missing_lines": [345, 346, 347], "excluded_lines": [], "executed_branches": [[330, 331], [330, 334], [340, 341], [340, 349]], "missing_branches": []}, "ConfigurationEngine._parse_config_value": {"executed_lines": [363, 364, 365, 366, 367], "summary": {"covered_lines": 5, "num_statements": 5, "percent_covered": 100.0, "percent_covered_display": "100.00", "missing_lines": 0, "excluded_lines": 0, "num_branches": 4, "num_partial_branches": 0, "covered_branches": 4, "missing_branches": 0}, "missing_lines": [], "excluded_lines": [], "executed_branches": [[363, 364], [363, 365], [365, 366], [365, 367]], "missing_branches": []}, "ConfigurationEngine._set_nested_value": {"executed_lines": [382, 383, 384, 385, 386, 387], "summary": {"covered_lines": 6, "num_statements": 6, "percent_covered": 90.0, "percent_covered_display": "90.00", "missing_lines": 0, "excluded_lines": 0, "num_branches": 4, "num_partial_branches": 1, "covered_branches": 3, "missing_branches": 1}, "missing_lines": [], "excluded_lines": [], "executed_branches": [[383, 384], [383, 387], [384, 385]], "missing_branches": [[384, 386]]}, "ConfigurationEngine.load_environment_overrides": {"executed_lines": [396, 397, 399, 400, 401, 404, 405, 408, 409, 410, 412, 414, 415, 416, 422], "summary": {"covered_lines": 15, "num_statements": 15, "percent_covered": 95.65217391304348, "percent_covered_display": "95.65", "missing_lines": 0, "excluded_lines": 0, "num_branches": 8, "num_partial_branches": 1, "covered_branches": 7, "missing_branches": 1}, "missing_lines": [], "excluded_lines": [], "executed_branches": [[399, 400], [399, 414], [400, 401], [400, 404], [408, 409], [408, 412], [414, 415]], "missing_branches": [[414, 422]]}, "ConfigurationEngine.load_all": {"executed_lines": [], "summary": {"covered_lines": 0, "num_statements": 22, "percent_covered": 0.0, "percent_covered_display": "0.00", "missing_lines": 22, "excluded_lines": 0, "num_branches": 8, "num_partial_branches": 0, "covered_branches": 0, "missing_branches": 8}, "missing_lines": [440, 443, 446, 447, 450, 451, 454, 455, 456, 457, 460, 461, 464, 465, 466, 469, 470, 471, 474, 475, 477, 478], "excluded_lines": [], "executed_branches": [], "missing_branches": [[446, 447], [446, 454], [454, 455], [454, 460], [464, 465], [464, 469], [470, 471], [470, 474]]}, "ConfigurationEngine.get": {"executed_lines": [487, 488, 490, 491, 492, 493, 494, 496], "summary": {"covered_lines": 8, "num_statements": 8, "percent_covered": 100.0, "percent_covered_display": "100.00", "missing_lines": 0, "excluded_lines": 0, "num_branches": 2, "num_partial_branches": 0, "covered_branches": 2, "missing_branches": 0}, "missing_lines": [], "excluded_lines": [], "executed_branches": [[491, 492], [491, 496]], "missing_branches": []}, "ConfigurationEngine.set": {"executed_lines": [516, 517, 518, 520, 521, 522, 524, 525, 527, 528, 529, 530, 532, 533, 534], "summary": {"covered_lines": 15, "num_statements": 15, "percent_covered": 95.65217391304348, "percent_covered_display": "95.65", "missing_lines": 0, "excluded_lines": 0, "num_branches": 8, "num_partial_branches": 1, "covered_branches": 7, "missing_branches": 1}, "missing_lines": [], "excluded_lines": [], "executed_branches": [[516, 517], [516, 524], [520, 521], [520, 524], [527, 528], [527, 532], [528, 529]], "missing_branches": [[528, 530]]}, "ConfigurationEngine._validate_environment": {"executed_lines": [538, 539, 540, 541], "summary": {"covered_lines": 4, "num_statements": 4, "percent_covered": 100.0, "percent_covered_display": "100.00", "missing_lines": 0, "excluded_lines": 0, "num_branches": 2, "num_partial_branches": 0, "covered_branches": 2, "missing_branches": 0}, "missing_lines": [], "excluded_lines": [], "executed_branches": [[540, -536], [540, 541]], "missing_branches": []}, "ConfigurationEngine._validate_roles": {"executed_lines": [545, 546, 547, 548, 549], "summary": {"covered_lines": 5, "num_statements": 5, "percent_covered": 100.0, "percent_covered_display": "100.00", "missing_lines": 0, "excluded_lines": 0, "num_branches": 2, "num_partial_branches": 0, "covered_branches": 2, "missing_branches": 0}, "missing_lines": [], "excluded_lines": [], "executed_branches": [[548, -543], [548, 549]], "missing_branches": []}, "ConfigurationEngine._validate_logging": {"executed_lines": [553, 554, 555, 556], "summary": {"covered_lines": 4, "num_statements": 4, "percent_covered": 100.0, "percent_covered_display": "100.00", "missing_lines": 0, "excluded_lines": 0, "num_branches": 2, "num_partial_branches": 0, "covered_branches": 2, "missing_branches": 0}, "missing_lines": [], "excluded_lines": [], "executed_branches": [[555, -551], [555, 556]], "missing_branches": []}, "ConfigurationEngine._validate_performance": {"executed_lines": [560, 561, 562, 564, 565, 566], "summary": {"covered_lines": 6, "num_statements": 6, "percent_covered": 100.0, "percent_covered_display": "100.00", "missing_lines": 0, "excluded_lines": 0, "num_branches": 4, "num_partial_branches": 0, "covered_branches": 4, "missing_branches": 0}, "missing_lines": [], "excluded_lines": [], "executed_branches": [[561, 562], [561, 564], [565, -558], [565, 566]], "missing_branches": []}, "ConfigurationEngine.validate": {"executed_lines": [574, 577, 578, 579, 580, 582], "summary": {"covered_lines": 6, "num_statements": 6, "percent_covered": 100.0, "percent_covered_display": "100.00", "missing_lines": 0, "excluded_lines": 0, "num_branches": 0, "num_partial_branches": 0, "covered_branches": 0, "missing_branches": 0}, "missing_lines": [], "excluded_lines": [], "executed_branches": [], "missing_branches": []}, "ConfigurationEngine.export": {"executed_lines": [593, 594, 596, 597, 598, 600, 601], "summary": {"covered_lines": 7, "num_statements": 7, "percent_covered": 100.0, "percent_covered_display": "100.00", "missing_lines": 0, "excluded_lines": 0, "num_branches": 4, "num_partial_branches": 0, "covered_branches": 4, "missing_branches": 0}, "missing_lines": [], "excluded_lines": [], "executed_branches": [[593, 594], [593, 596], [596, 597], [596, 600]], "missing_branches": []}, "ConfigurationEngine.save": {"executed_lines": [605, 606, 608, 610], "summary": {"covered_lines": 4, "num_statements": 4, "percent_covered": 100.0, "percent_covered_display": "100.00", "missing_lines": 0, "excluded_lines": 0, "num_branches": 0, "num_partial_branches": 0, "covered_branches": 0, "missing_branches": 0}, "missing_lines": [], "excluded_lines": [], "executed_branches": [], "missing_branches": []}, "ConfigurationEngine._deep_merge": {"executed_lines": [], "summary": {"covered_lines": 0, "num_statements": 4, "percent_covered": 0.0, "percent_covered_display": "0.00", "missing_lines": 4, "excluded_lines": 0, "num_branches": 4, "num_partial_branches": 0, "covered_branches": 0, "missing_branches": 4}, "missing_lines": [614, 615, 616, 618], "excluded_lines": [], "executed_branches": [], "missing_branches": [[614, -612], [614, 615], [615, 616], [615, 618]]}, "ConfigurationEngine._get_timestamp": {"executed_lines": [623], "summary": {"covered_lines": 1, "num_statements": 1, "percent_covered": 100.0, "percent_covered_display": "100.00", "missing_lines": 0, "excluded_lines": 0, "num_branches": 0, "num_partial_branches": 0, "covered_branches": 0, "missing_branches": 0}, "missing_lines": [], "excluded_lines": [], "executed_branches": [], "missing_branches": []}, "ConfigurationEngine.list_loaded_files": {"executed_lines": [], "summary": {"covered_lines": 0, "num_statements": 1, "percent_covered": 0.0, "percent_covered_display": "0.00", "missing_lines": 1, "excluded_lines": 0, "num_branches": 0, "num_partial_branches": 0, "covered_branches": 0, "missing_branches": 0}, "missing_lines": [627], "excluded_lines": [], "executed_branches": [], "missing_branches": []}, "ConfigurationEngine.get_enabled_roles": {"executed_lines": [], "summary": {"covered_lines": 0, "num_statements": 3, "percent_covered": 0.0, "percent_covered_display": "0.00", "missing_lines": 3, "excluded_lines": 0, "num_branches": 0, "num_partial_branches": 0, "covered_branches": 0, "missing_branches": 0}, "missing_lines": [631, 632, 633], "excluded_lines": [], "executed_branches": [], "missing_branches": []}, "ConfigurationEngine.get_role_config": {"executed_lines": [], "summary": {"covered_lines": 0, "num_statements": 5, "percent_covered": 0.0, "percent_covered_display": "0.00", "missing_lines": 5, "excluded_lines": 0, "num_branches": 2, "num_partial_branches": 0, "covered_branches": 0, "missing_branches": 2}, "missing_lines": [637, 638, 639, 640, 641], "excluded_lines": [], "executed_branches": [], "missing_branches": [[638, 639], [638, 641]]}, "ConfigurationEngine.get_rate_limit_stats": {"executed_lines": [], "summary": {"covered_lines": 0, "num_statements": 2, "percent_covered": 0.0, "percent_covered_display": "0.00", "missing_lines": 2, "excluded_lines": 0, "num_branches": 0, "num_partial_branches": 0, "covered_branches": 0, "missing_branches": 0}, "missing_lines": [652, 653], "excluded_lines": [], "executed_branches": [], "missing_branches": []}, "ConfigurationEngine.reset_rate_limit": {"executed_lines": [], "summary": {"covered_lines": 0, "num_statements": 1, "percent_covered": 0.0, "percent_covered_display": "0.00", "missing_lines": 1, "excluded_lines": 0, "num_branches": 0, "num_partial_branches": 0, "covered_branches": 0, "missing_branches": 0}, "missing_lines": [661], "excluded_lines": [], "executed_branches": [], "missing_branches": []}, "main": {"executed_lines": [], "summary": {"covered_lines": 0, "num_statements": 38, "percent_covered": 0.0, "percent_covered_display": "0.00", "missing_lines": 38, "excluded_lines": 0, "num_branches": 16, "num_partial_branches": 0, "covered_branches": 0, "missing_branches": 16}, "missing_lines": [666, 667, 668, 669, 670, 671, 672, 673, 674, 675, 676, 678, 681, 684, 685, 688, 689, 690, 692, 693, 694, 696, 697, 698, 699, 700, 701, 703, 704, 705, 707, 708, 709, 711, 713, 716, 717, 718], "excluded_lines": [], "executed_branches": [], "missing_branches": [[688, 689], [688, 692], [692, 693], [692, 696], [696, 697], [696, 703], [698, 699], [698, 700], [703, 704], [703, 707], [707, 708], [707, 711], [711, 713], [711, 716], [717, -664], [717, 718]]}, "": {"executed_lines": [4, 10, 11, 12, 13, 14, 15, 16, 17, 18, 19, 20, 22, 24, 27, 30, 31, 34, 35, 37, 38, 39, 42, 43, 52, 63, 102, 113, 145, 146, 147, 149, 150, 151, 154, 155, 167, 191, 192, 196, 251, 319, 351, 352, 369, 370, 389, 424, 480, 498, 536, 543, 551, 558, 568, 584, 603, 612, 620, 621, 625, 629, 635, 643, 655, 664, 721, 728], "summary": {"covered_lines": 61, "num_statements": 61, "percent_covered": 100.0, "percent_covered_display": "100.00", "missing_lines": 0, "excluded_lines": 2, "num_branches": 0, "num_partial_branches": 0, "covered_branches": 0, "missing_branches": 0}, "missing_lines": [], "excluded_lines": [721, 722], "executed_branches": [], "missing_branches": []}}, "classes": {"ConfigPermissionError": {"executed_lines": [], "summary": {"covered_lines": 0, "num_statements": 0, "percent_covered": 100.0, "percent_covered_display": "100.00", "missing_lines": 0, "excluded_lines": 0, "num_branches": 0, "num_partial_branches": 0, "covered_branches": 0, "missing_branches": 0}, "missing_lines": [], "excluded_lines": [], "executed_branches": [], "missing_branches": []}, "ConfigEnvironment": {"executed_lines": [], "summary": {"covered_lines": 0, "num_statements": 0, "percent_covered": 100.0, "percent_covered_display": "100.00", "missing_lines": 0, "excluded_lines": 0, "num_branches": 0, "num_partial_branches": 0, "covered_branches": 0, "missing_branches": 0}, "missing_lines": [], "excluded_lines": [], "executed_branches": [], "missing_branches": []}, "RateLimiter": {"executed_lines": [59, 60, 61, 72, 75, 76, 79, 80, 82, 86, 87, 88, 89, 92, 93, 94, 96, 108, 109, 111, 119, 120, 128, 129, 131, 132, 133, 134, 136], "summary": {"covered_lines": 29, "num_statements": 30, "percent_covered": 92.85714285714286, "percent_covered_display": "92.86", "missing_lines": 1, "excluded_lines": 0, "num_branches": 12, "num_partial_branches": 2, "covered_branches": 10, "missing_branches": 2}, "missing_lines": [83], "excluded_lines": [], "executed_branches": [[75, 76], [75, 79], [82, 86], [86, 87], [86, 92], [108, 109], [108, 111], [119, 120], [119, 128], [132, 133]], "missing_branches": [[82, 83], [132, 136]]}, "ConfigMetadata": {"executed_lines": [], "summary": {"covered_lines": 0, "num_statements": 0, "percent_covered": 100.0, "percent_covered_display": "100.00", "missing_lines": 0, "excluded_lines": 0, "num_branches": 0, "num_partial_branches": 0, "covered_branches": 0, "missing_branches": 0}, "missing_lines": [], "excluded_lines": [], "executed_branches": [], "missing_branches": []}, "ConfigurationEngine": {"executed_lines": [181, 182, 183, 184, 185, 188, 189, 194, 209, 211, 212, 213, 214, 217, 218, 224, 225, 234, 235, 236, 241, 243, 244, 245, 253, 254, 312, 313, 329, 330, 331, 332, 334, 335, 336, 337, 338, 340, 341, 342, 343, 344, 349, 363, 364, 365, 366, 367, 382, 383, 384, 385, 386, 387, 396, 397, 399, 400, 401, 404, 405, 408, 409, 410, 412, 414, 415, 416, 422, 487, 488, 490, 491, 492, 493, 494, 496, 516, 517, 518, 520, 521, 522, 524, 525, 527, 528, 529, 530, 532, 533, 534, 538, 539, 540, 541, 545, 546, 547, 548, 549, 553, 554, 555, 556, 560, 561, 562, 564, 565, 566, 574, 577, 578, 579, 580, 582, 593, 594, 596, 597, 598, 600, 601, 605, 606, 608, 610, 623], "summary": {"covered_lines": 129, "num_statements": 179, "percent_covered": 72.01646090534979, "percent_covered_display": "72.02", "missing_lines": 50, "excluded_lines": 0, "num_branches": 64, "num_partial_branches": 4, "covered_branches": 46, "missing_branches": 18}, "missing_lines": [219, 220, 221, 226, 231, 246, 247, 248, 249, 345, 346, 347, 440, 443, 446, 447, 450, 451, 454, 455, 456, 457, 460, 461, 464, 465, 466, 469, 470, 471, 474, 475, 477, 478, 614, 615, 616, 618, 627, 631, 632, 633, 637, 638, 639, 640, 641, 652, 653, 661], "excluded_lines": [], "executed_branches": [[209, 211], [209, 217], [225, 234], [235, -196], [235, 236], [330, 331], [330, 334], [340, 341], [340, 349], [363, 364], [363, 365], [365, 366], [365, 367], [383, 384], [383, 387], [384, 385], [399, 400], [399, 414], [400, 401], [400, 404], [408, 409], [408, 412], [414, 415], [491, 492], [491, 496], [516, 517], [516, 524], [520, 521], [520, 524], [527, 528], [527, 532], [528, 529], [540, -536], [540, 541], [548, -543], [548, 549], [555, -551], [555, 556], [561, 562], [561, 564], [565, -558], [565, 566], [593, 594], [593, 596], [596, 597], [596, 600]], "missing_branches": [[225, 226], [384, 386], [414, 422], [446, 447], [446, 454], [454, 455], [454, 460], [464, 465], [464, 469], [470, 471], [470, 474], [528, 530], [614, -612], [614, 615], [615, 616], [615, 618], [638, 639], [638, 641]]}, "": {"executed_lines": [4, 10, 11, 12, 13, 14, 15, 16, 17, 18, 19, 20, 22, 24, 27, 30, 31, 34, 35, 37, 38, 39, 42, 43, 52, 63, 102, 113, 145, 146, 147, 149, 150, 151, 154, 155, 167, 191, 192, 196, 251, 319, 351, 352, 369, 370, 389, 424, 480, 498, 536, 543, 551, 558, 568, 584, 603, 612, 620, 621, 625, 629, 635, 643, 655, 664, 721, 728], "summary": {"covered_lines": 61, "num_statements": 99, "percent_covered": 53.04347826086956, "percent_covered_display": "53.04", "missing_lines": 38, "excluded_lines": 2, "num_branches": 16, "num_partial_branches": 0, "covered_branches": 0, "missing_branches": 16}, "missing_lines": [666, 667, 668, 669, 670, 671, 672, 673, 674, 675, 676, 678, 681, 684, 685, 688, 689, 690, 692, 693, 694, 696, 697, 698, 699, 700, 701, 703, 704, 705, 707, 708, 709, 711, 713, 716, 717, 718], "excluded_lines": [721, 722], "executed_branches": [], "missing_branches": [[688, 689], [688, 692], [692, 693], [692, 696], [696, 697], [696, 703], [698, 699], [698, 700], [703, 704], [703, 707], [707, 708], [707, 711], [711, 713], [711, 716], [717, -664], [717, 718]]}}}, "cli/exceptions.py": {"executed_lines": [3, 13, 14, 16, 31, 32, 33, 34, 35, 37, 39, 41, 42, 44, 45, 46, 47, 49, 50, 52, 55, 56, 58, 59, 61, 73, 74, 76, 88, 89, 91, 103, 104, 106, 120, 121, 123, 124, 126, 137, 138, 140, 152, 153, 155, 167, 168, 170, 182, 183, 185, 186, 188, 201, 202, 204, 215, 216, 218, 230, 231, 233, 247, 248, 250, 251, 253, 266, 267, 269, 281, 282, 284, 285, 287, 288, 300, 301, 303, 316, 317, 319, 320, 322, 323, 335, 336, 338, 355], "summary": {"covered_lines": 81, "num_statements": 81, "percent_covered": 100.0, "percent_covered_display": "100.00", "missing_lines": 0, "excluded_lines": 0, "num_branches": 8, "num_partial_branches": 0, "covered_branches": 8, "missing_branches": 0}, "missing_lines": [], "excluded_lines": [], "executed_branches": [[41, 42], [41, 44], [44, 45], [44, 49], [46, 47], [46, 49], [49, 50], [49, 52]], "missing_branches": [], "functions": {"DevkitError.__init__": {"executed_lines": [31, 32, 33, 34, 35], "summary": {"covered_lines": 5, "num_statements": 5, "percent_covered": 100.0, "percent_covered_display": "100.00", "missing_lines": 0, "excluded_lines": 0, "num_branches": 0, "num_partial_branches": 0, "covered_branches": 0, "missing_branches": 0}, "missing_lines": [], "excluded_lines": [], "executed_branches": [], "missing_branches": []}, "DevkitError.format_message": {"executed_lines": [39, 41, 42, 44, 45, 46, 47, 49, 50, 52], "summary": {"covered_lines": 10, "num_statements": 10, "percent_covered": 100.0, "percent_covered_display": "100.00", "missing_lines": 0, "excluded_lines": 0, "num_branches": 8, "num_partial_branches": 0, "covered_branches": 8, "missing_branches": 0}, "missing_lines": [], "excluded_lines": [], "executed_branches": [[41, 42], [41, 44], [44, 45], [44, 49], [46, 47], [46, 49], [49, 50], [49, 52]], "missing_branches": []}, "BootstrapError.integrity_check_failed": {"executed_lines": [61], "summary": {"covered_lines": 1, "num_statements": 1, "percent_covered": 100.0, "percent_covered_display": "100.00", "missing_lines": 0, "excluded_lines": 0, "num_branches": 0, "num_partial_branches": 0, "covered_branches": 0, "missing_branches": 0}, "missing_lines": [], "excluded_lines": [], "executed_branches": [], "missing_branches": []}, "BootstrapError.network_error": {"executed_lines": [76], "summary": {"covered_lines": 1, "num_statements": 1, "percent_covered": 100.0, "percent_covered_display": "100.00", "missing_lines": 0, "excluded_lines": 0, "num_branches": 0, "num_partial_branches": 0, "covered_branches": 0, "missing_branches": 0}, "missing_lines": [], "excluded_lines": [], "executed_branches": [], "missing_branches": []}, "BootstrapError.permission_denied": {"executed_lines": [91], "summary": {"covered_lines": 1, "num_statements": 1, "percent_covered": 100.0, "percent_covered_display": "100.00", "missing_lines": 0, "excluded_lines": 0, "num_branches": 0, "num_partial_branches": 0, "covered_branches": 0, "missing_branches": 0}, "missing_lines": [], "excluded_lines": [], "executed_branches": [], "missing_branches": []}, "BootstrapError.insufficient_space": {"executed_lines": [106], "summary": {"covered_lines": 1, "num_statements": 1, "percent_covered": 100.0, "percent_covered_display": "100.00", "missing_lines": 0, "excluded_lines": 0, "num_branches": 0, "num_partial_branches": 0, "covered_branches": 0, "missing_branches": 0}, "missing_lines": [], "excluded_lines": [], "executed_branches": [], "missing_branches": []}, "ConfigError.missing_config": {"executed_lines": [126], "summary": {"covered_lines": 1, "num_statements": 1, "percent_covered": 100.0, "percent_covered_display": "100.00", "missing_lines": 0, "excluded_lines": 0, "num_branches": 0, "num_partial_branches": 0, "covered_branches": 0, "missing_branches": 0}, "missing_lines": [], "excluded_lines": [], "executed_branches": [], "missing_branches": []}, "ConfigError.invalid_yaml": {"executed_lines": [140], "summary": {"covered_lines": 1, "num_statements": 1, "percent_covered": 100.0, "percent_covered_display": "100.00", "missing_lines": 0, "excluded_lines": 0, "num_branches": 0, "num_partial_branches": 0, "covered_branches": 0, "missing_branches": 0}, "missing_lines": [], "excluded_lines": [], "executed_branches": [], "missing_branches": []}, "ConfigError.permission_denied": {"executed_lines": [155], "summary": {"covered_lines": 1, "num_statements": 1, "percent_covered": 100.0, "percent_covered_display": "100.00", "missing_lines": 0, "excluded_lines": 0, "num_branches": 0, "num_partial_branches": 0, "covered_branches": 0, "missing_branches": 0}, "missing_lines": [], "excluded_lines": [], "executed_branches": [], "missing_branches": []}, "ConfigError.invalid_ownership": {"executed_lines": [170], "summary": {"covered_lines": 1, "num_statements": 1, "percent_covered": 100.0, "percent_covered_display": "100.00", "missing_lines": 0, "excluded_lines": 0, "num_branches": 0, "num_partial_branches": 0, "covered_branches": 0, "missing_branches": 0}, "missing_lines": [], "excluded_lines": [], "executed_branches": [], "missing_branches": []}, "PluginError.validation_failed": {"executed_lines": [188], "summary": {"covered_lines": 1, "num_statements": 1, "percent_covered": 100.0, "percent_covered_display": "100.00", "missing_lines": 0, "excluded_lines": 0, "num_branches": 0, "num_partial_branches": 0, "covered_branches": 0, "missing_branches": 0}, "missing_lines": [], "excluded_lines": [], "executed_branches": [], "missing_branches": []}, "PluginError.missing_manifest": {"executed_lines": [204], "summary": {"covered_lines": 1, "num_statements": 1, "percent_covered": 100.0, "percent_covered_display": "100.00", "missing_lines": 0, "excluded_lines": 0, "num_branches": 0, "num_partial_branches": 0, "covered_branches": 0, "missing_branches": 0}, "missing_lines": [], "excluded_lines": [], "executed_branches": [], "missing_branches": []}, "PluginError.invalid_version": {"executed_lines": [218], "summary": {"covered_lines": 1, "num_statements": 1, "percent_covered": 100.0, "percent_covered_display": "100.00", "missing_lines": 0, "excluded_lines": 0, "num_branches": 0, "num_partial_branches": 0, "covered_branches": 0, "missing_branches": 0}, "missing_lines": [], "excluded_lines": [], "executed_branches": [], "missing_branches": []}, "PluginError.missing_class": {"executed_lines": [233], "summary": {"covered_lines": 1, "num_statements": 1, "percent_covered": 100.0, "percent_covered_display": "100.00", "missing_lines": 0, "excluded_lines": 0, "num_branches": 0, "num_partial_branches": 0, "covered_branches": 0, "missing_branches": 0}, "missing_lines": [], "excluded_lines": [], "executed_branches": [], "missing_branches": []}, "SecurityError.checksum_mismatch": {"executed_lines": [253], "summary": {"covered_lines": 1, "num_statements": 1, "percent_covered": 100.0, "percent_covered_display": "100.00", "missing_lines": 0, "excluded_lines": 0, "num_branches": 0, "num_partial_branches": 0, "covered_branches": 0, "missing_branches": 0}, "missing_lines": [], "excluded_lines": [], "executed_branches": [], "missing_branches": []}, "SecurityError.insecure_permissions": {"executed_lines": [269], "summary": {"covered_lines": 1, "num_statements": 1, "percent_covered": 100.0, "percent_covered_display": "100.00", "missing_lines": 0, "excluded_lines": 0, "num_branches": 0, "num_partial_branches": 0, "covered_branches": 0, "missing_branches": 0}, "missing_lines": [], "excluded_lines": [], "executed_branches": [], "missing_branches": []}, "DependencyError.tool_not_found": {"executed_lines": [287, 288], "summary": {"covered_lines": 2, "num_statements": 2, "percent_covered": 100.0, "percent_covered_display": "100.00", "missing_lines": 0, "excluded_lines": 0, "num_branches": 0, "num_partial_branches": 0, "covered_branches": 0, "missing_branches": 0}, "missing_lines": [], "excluded_lines": [], "executed_branches": [], "missing_branches": []}, "DependencyError.version_incompatible": {"executed_lines": [303], "summary": {"covered_lines": 1, "num_statements": 1, "percent_covered": 100.0, "percent_covered_display": "100.00", "missing_lines": 0, "excluded_lines": 0, "num_branches": 0, "num_partial_branches": 0, "covered_branches": 0, "missing_branches": 0}, "missing_lines": [], "excluded_lines": [], "executed_branches": [], "missing_branches": []}, "VerificationError.some_tools_missing": {"executed_lines": [322, 323], "summary": {"covered_lines": 2, "num_statements": 2, "percent_covered": 100.0, "percent_covered_display": "100.00", "missing_lines": 0, "excluded_lines": 0, "num_branches": 0, "num_partial_branches": 0, "covered_branches": 0, "missing_branches": 0}, "missing_lines": [], "excluded_lines": [], "executed_branches": [], "missing_branches": []}, "VerificationError.setup_incomplete": {"executed_lines": [338], "summary": {"covered_lines": 1, "num_statements": 1, "percent_covered": 100.0, "percent_covered_display": "100.00", "missing_lines": 0, "excluded_lines": 0, "num_branches": 0, "num_partial_branches": 0, "covered_branches": 0, "missing_branches": 0}, "missing_lines": [], "excluded_lines": [], "executed_branches": [], "missing_branches": []}, "": {"executed_lines": [3, 13, 14, 16, 37, 55, 56, 58, 59, 73, 74, 88, 89, 103, 104, 120, 121, 123, 124, 137, 138, 152, 153, 167, 168, 182, 183, 185, 186, 201, 202, 215, 216, 230, 231, 247, 248, 250, 251, 266, 267, 281, 282, 284, 285, 300, 301, 316, 317, 319, 320, 335, 336, 355], "summary": {"covered_lines": 46, "num_statements": 46, "percent_covered": 100.0, "percent_covered_display": "100.00", "missing_lines": 0, "excluded_lines": 0, "num_branches": 0, "num_partial_branches": 0, "covered_branches": 0, "missing_branches": 0}, "missing_lines": [], "excluded_lines": [], "executed_branches": [], "missing_branches": []}}, "classes": {"DevkitError": {"executed_lines": [31, 32, 33, 34, 35, 39, 41, 42, 44, 45, 46, 47, 49, 50, 52], "summary": {"covered_lines": 15, "num_statements": 15, "percent_covered": 100.0, "percent_covered_display": "100.00", "missing_lines": 0, "excluded_lines": 0, "num_branches": 8, "num_partial_branches": 0, "covered_branches": 8, "missing_branches": 0}, "missing_lines": [], "excluded_lines": [], "executed_branches": [[41, 42], [41, 44], [44, 45], [44, 49], [46, 47], [46, 49], [49, 50], [49, 52]], "missing_branches": []}, "BootstrapError": {"executed_lines": [61, 76, 91, 106], "summary": {"covered_lines": 4, "num_statements": 4, "percent_covered": 100.0, "percent_covered_display": "100.00", "missing_lines": 0, "excluded_lines": 0, "num_branches": 0, "num_partial_branches": 0, "covered_branches": 0, "missing_branches": 0}, "missing_lines": [], "excluded_lines": [], "executed_branches": [], "missing_branches": []}, "ConfigError": {"executed_lines": [126, 140, 155, 170], "summary": {"covered_lines": 4, "num_statements": 4, "percent_covered": 100.0, "percent_covered_display": "100.00", "missing_lines": 0, "excluded_lines": 0, "num_branches": 0, "num_partial_branches": 0, "covered_branches": 0, "missing_branches": 0}, "missing_lines": [], "excluded_lines": [], "executed_branches": [], "missing_branches": []}, "PluginError": {"executed_lines": [188, 204, 218, 233], "summary": {"covered_lines": 4, "num_statements": 4, "percent_covered": 100.0, "percent_covered_display": "100.00", "missing_lines": 0, "excluded_lines": 0, "num_branches": 0, "num_partial_branches": 0, "covered_branches": 0, "missing_branches": 0}, "missing_lines": [], "excluded_lines": [], "executed_branches": [], "missing_branches": []}, "SecurityError": {"executed_lines": [253, 269], "summary": {"covered_lines": 2, "num_statements": 2, "percent_covered": 100.0, "percent_covered_display": "100.00", "missing_lines": 0, "excluded_lines": 0, "num_branches": 0, "num_partial_branches": 0, "covered_branches": 0, "missing_branches": 0}, "missing_lines": [], "excluded_lines": [], "executed_branches": [], "missing_branches": []}, "DependencyError": {"executed_lines": [287, 288, 303], "summary": {"covered_lines": 3, "num_statements": 3, "percent_covered": 100.0, "percent_covered_display": "100.00", "missing_lines": 0, "excluded_lines": 0, "num_branches": 0, "num_partial_branches": 0, "covered_branches": 0, "missing_branches": 0}, "missing_lines": [], "excluded_lines": [], "executed_branches": [], "missing_branches": []}, "VerificationError": {"executed_lines": [322, 323, 338], "summary": {"covered_lines": 3, "num_statements": 3, "percent_covered": 100.0, "percent_covered_display": "100.00", "missing_lines": 0, "excluded_lines": 0, "num_branches": 0, "num_partial_branches": 0, "covered_branches": 0, "missing_branches": 0}, "missing_lines": [], "excluded_lines": [], "executed_branches": [], "missing_branches": []}, "": {"executed_lines": [3, 13, 14, 16, 37, 55, 56, 58, 59, 73, 74, 88, 89, 103, 104, 120, 121, 123, 124, 137, 138, 152, 153, 167, 168, 182, 183, 185, 186, 201, 202, 215, 216, 230, 231, 247, 248, 250, 251, 266, 267, 281, 282, 284, 285, 300, 301, 316, 317, 319, 320, 335, 336, 355], "summary": {"covered_lines": 46, "num_statements": 46, "percent_covered": 100.0, "percent_covered_display": "100.00", "missing_lines": 0, "excluded_lines": 0, "num_branches": 0, "num_partial_branches": 0, "covered_branches": 0, "missing_branches": 0}, "missing_lines": [], "excluded_lines": [], "executed_branches": [], "missing_branches": []}}}, "cli/git_config_manager.py": {"executed_lines": [3, 16, 17, 18, 19, 20, 21, 22, 24, 27, 28, 30, 36, 37, 38, 39, 40, 41, 42, 43, 45, 47, 49, 50, 52, 53, 55, 56, 58, 62, 63, 65, 71, 73, 75, 76, 91, 95, 96, 98, 104, 105, 117, 118, 119, 120, 121, 122, 124, 126, 132, 134, 137, 139, 140, 141, 143, 144, 163, 164, 165, 166, 167, 170, 177, 179, 181, 187, 189, 192, 204, 205, 206, 207, 209, 210, 212, 218, 220, 224, 225, 227, 228, 230, 231, 232, 233, 236, 237, 240, 241, 245, 251, 253, 259, 260, 262, 263, 264, 265, 269, 273, 276, 277, 285, 286, 288, 294, 296, 298, 299, 302, 303, 319, 320, 321, 323, 329, 331, 333, 345, 346, 347, 351, 353, 359, 361, 382, 383, 389, 390, 392, 393, 395, 396, 398, 407, 410, 411, 413, 414, 415, 418, 421, 424, 427, 430, 434, 435, 437, 438, 442, 444, 453, 454, 456, 457, 459, 460, 462, 463, 466, 494, 501], "summary": {"covered_lines": 161, "num_statements": 222, "percent_covered": 72.29729729729729, "percent_covered_display": "72.30", "missing_lines": 61, "excluded_lines": 2, "num_branches": 74, "num_partial_branches": 13, "covered_branches": 53, "missing_branches": 21}, "missing_lines": [84, 85, 86, 87, 88, 89, 92, 93, 113, 114, 115, 159, 160, 161, 168, 171, 172, 173, 174, 175, 200, 201, 202, 221, 222, 242, 243, 247, 248, 249, 278, 279, 281, 282, 283, 304, 311, 312, 313, 315, 316, 317, 341, 342, 343, 349, 425, 428, 431, 440, 468, 469, 470, 475, 476, 478, 480, 482, 483, 485, 487], "excluded_lines": [501, 502], "executed_branches": [[75, 76], [75, 91], [91, 95], [118, 119], [118, 124], [119, 120], [119, 124], [120, 119], [120, 121], [139, 140], [139, 143], [163, 164], [164, 165], [164, 170], [165, 164], [165, 166], [167, 164], [170, 177], [204, 205], [204, 209], [220, 224], [227, 228], [227, 251], [230, 231], [230, 236], [241, 245], [259, 260], [259, 262], [277, 285], [298, 299], [298, 302], [303, 319], [345, 346], [389, 390], [389, 392], [392, 393], [392, 395], [395, -382], [395, 396], [410, 411], [410, 413], [413, 414], [413, 418], [424, 427], [427, 430], [430, 434], [437, 438], [453, 454], [453, 456], [456, 457], [456, 459], [459, 460], [459, 462]], "missing_branches": [[91, 92], [163, 170], [167, 168], [170, 171], [172, 173], [172, 174], [174, 175], [174, 179], [220, 221], [241, 242], [277, 278], [303, 304], [311, 312], [311, 319], [345, 349], [424, 425], [427, 428], [430, 431], [437, 440], [482, 483], [482, 485]], "functions": {"GitConfigManager.__init__": {"executed_lines": [36, 37, 38, 39, 40, 41, 42, 43, 45], "summary": {"covered_lines": 9, "num_statements": 9, "percent_covered": 100.0, "percent_covered_display": "100.00", "missing_lines": 0, "excluded_lines": 0, "num_branches": 0, "num_partial_branches": 0, "covered_branches": 0, "missing_branches": 0}, "missing_lines": [], "excluded_lines": [], "executed_branches": [], "missing_branches": []}, "GitConfigManager.setup_logging": {"executed_lines": [49, 50, 52, 53, 55, 56, 58, 62, 63], "summary": {"covered_lines": 9, "num_statements": 9, "percent_covered": 100.0, "percent_covered_display": "100.00", "missing_lines": 0, "excluded_lines": 0, "num_branches": 0, "num_partial_branches": 0, "covered_branches": 0, "missing_branches": 0}, "missing_lines": [], "excluded_lines": [], "executed_branches": [], "missing_branches": []}, "GitConfigManager.validate_git_config_syntax": {"executed_lines": [71, 73, 75, 76, 91, 95, 96], "summary": {"covered_lines": 7, "num_statements": 15, "percent_covered": 52.63157894736842, "percent_covered_display": "52.63", "missing_lines": 8, "excluded_lines": 0, "num_branches": 4, "num_partial_branches": 1, "covered_branches": 3, "missing_branches": 1}, "missing_lines": [84, 85, 86, 87, 88, 89, 92, 93], "excluded_lines": [], "executed_branches": [[75, 76], [75, 91], [91, 95]], "missing_branches": [[91, 92]]}, "GitConfigManager.get_current_config": {"executed_lines": [104, 105, 117, 118, 119, 120, 121, 122, 124], "summary": {"covered_lines": 9, "num_statements": 12, "percent_covered": 83.33333333333333, "percent_covered_display": "83.33", "missing_lines": 3, "excluded_lines": 0, "num_branches": 6, "num_partial_branches": 0, "covered_branches": 6, "missing_branches": 0}, "missing_lines": [113, 114, 115], "excluded_lines": [], "executed_branches": [[118, 119], [118, 124], [119, 120], [119, 124], [120, 119], [120, 121]], "missing_branches": []}, "GitConfigManager.detect_config_changes": {"executed_lines": [132, 134, 137, 139, 140, 141, 143, 144, 163, 164, 165, 166, 167, 170, 177, 179], "summary": {"covered_lines": 16, "num_statements": 25, "percent_covered": 60.97560975609756, "percent_covered_display": "60.98", "missing_lines": 9, "excluded_lines": 0, "num_branches": 16, "num_partial_branches": 3, "covered_branches": 9, "missing_branches": 7}, "missing_lines": [159, 160, 161, 168, 171, 172, 173, 174, 175], "excluded_lines": [], "executed_branches": [[139, 140], [139, 143], [163, 164], [164, 165], [164, 170], [165, 164], [165, 166], [167, 164], [170, 177]], "missing_branches": [[163, 170], [167, 168], [170, 171], [172, 173], [172, 174], [174, 175], [174, 179]]}, "GitConfigManager.reload_git_config": {"executed_lines": [187, 189, 192, 204, 205, 206, 207, 209, 210], "summary": {"covered_lines": 9, "num_statements": 12, "percent_covered": 78.57142857142857, "percent_covered_display": "78.57", "missing_lines": 3, "excluded_lines": 0, "num_branches": 2, "num_partial_branches": 0, "covered_branches": 2, "missing_branches": 0}, "missing_lines": [200, 201, 202], "excluded_lines": [], "executed_branches": [[204, 205], [204, 209]], "missing_branches": []}, "GitConfigManager.verify_hooks": {"executed_lines": [218, 220, 224, 225, 227, 228, 230, 231, 232, 233, 236, 237, 240, 241, 245, 251], "summary": {"covered_lines": 16, "num_statements": 23, "percent_covered": 70.96774193548387, "percent_covered_display": "70.97", "missing_lines": 7, "excluded_lines": 0, "num_branches": 8, "num_partial_branches": 2, "covered_branches": 6, "missing_branches": 2}, "missing_lines": [221, 222, 242, 243, 247, 248, 249], "excluded_lines": [], "executed_branches": [[220, 224], [227, 228], [227, 251], [230, 231], [230, 236], [241, 245]], "missing_branches": [[220, 221], [241, 242]]}, "GitConfigManager.create_backup": {"executed_lines": [259, 260, 262, 263, 264, 265, 269, 273, 276, 277
[...]
": [196, 197, 215, 218, 219, 222, 223, 224, 225, 227, 232, 234, 235, 240, 241, 242, 245, 249, 250, 251, 256, 263, 279, 280, 283, 284, 287, 288, 291, 299, 303, 304, 308, 309, 310, 311, 313, 316, 327, 328, 330, 331, 332, 333, 334, 335, 336, 345, 346, 347, 348, 349, 350, 351], "summary": {"covered_lines": 53, "num_statements": 65, "percent_covered": 79.7752808988764, "percent_covered_display": "79.78", "missing_lines": 12, "excluded_lines": 3, "num_branches": 24, "num_partial_branches": 6, "covered_branches": 18, "missing_branches": 6}, "missing_lines": [228, 229, 236, 237, 246, 252, 253, 300, 301, 314, 337, 340], "excluded_lines": [200, 263, 338], "executed_branches": [[218, 219], [218, 222], [227, 232], [241, 242], [241, 245], [245, 249], [250, 251], [250, 256], [283, 284], [283, 287], [299, 303], [308, 309], [308, 316], [313, 308], [333, 334], [335, 336], [346, 347], [346, 351]], "missing_branches": [[227, 228], [245, 246], [299, 300], [313, 314], [333, 340], [335, 340]]}, "": {"executed_lines": [4, 16, 17, 18, 19, 20, 21, 24, 25, 28, 36, 45, 52, 74, 131, 159, 160, 179, 180, 189, 199, 265, 266, 293, 318, 342, 343, 354, 365, 366, 367, 368, 369, 372, 388], "summary": {"covered_lines": 31, "num_statements": 31, "percent_covered": 100.0, "percent_covered_display": "100.00", "missing_lines": 0, "excluded_lines": 8, "num_branches": 0, "num_partial_branches": 0, "covered_branches": 0, "missing_branches": 0}, "missing_lines": [], "excluded_lines": [372, 374, 376, 377, 378, 379, 381, 382], "executed_branches": [], "missing_branches": []}}}, "cli/setup_wizard.py": {"executed_lines": [3, 9, 10, 11, 12, 13, 14, 16, 18, 21, 22, 24, 31, 32, 33, 34, 36, 38, 39, 41, 43, 44, 45, 47, 48, 49, 51, 55, 57, 58, 60, 61, 62, 63, 64, 66, 68, 69, 72, 73, 75, 81, 82, 83, 84, 85, 87, 88, 90, 92, 126, 129, 132, 134, 136, 144, 145, 146, 147, 148, 150, 152, 154, 166, 169, 170, 172, 174, 175, 177, 178, 179, 180, 181, 182, 183, 185, 187, 189, 191, 199, 200, 201, 202, 203, 205, 207, 209, 215, 216, 217, 220, 221, 223, 224, 226, 228, 230, 236, 237, 238, 239, 241, 243, 245, 247, 250, 252, 253, 256, 258, 260, 262, 267, 269, 270, 272, 274, 276, 277, 280, 281, 284, 286, 290, 291, 293, 302, 303, 305, 306, 308, 309, 311, 312, 315, 345, 353], "summary": {"covered_lines": 132, "num_statements": 161, "percent_covered": 83.24324324324324, "percent_covered_display": "83.24", "missing_lines": 29, "excluded_lines": 5, "num_branches": 24, "num_partial_branches": 2, "covered_branches": 22, "missing_branches": 2}, "missing_lines": [98, 100, 101, 103, 104, 106, 107, 109, 110, 112, 113, 115, 116, 118, 119, 121, 122, 124, 317, 318, 319, 320, 322, 325, 328, 330, 335, 336, 338], "excluded_lines": [183, 270, 331, 353, 354], "executed_branches": [[60, 61], [60, 62], [62, 63], [62, 64], [146, 144], [146, 147], [172, 174], [172, 177], [179, 180], [201, 202], [216, 217], [216, 223], [220, 216], [220, 221], [237, 238], [237, 241], [252, -243], [252, 253], [290, -272], [290, 291], [302, 303], [302, 305]], "missing_branches": [[179, 169], [201, 199]], "functions": {"ProgressBar.__init__": {"executed_lines": [31, 32, 33, 34], "summary": {"covered_lines": 4, "num_statements": 4, "percent_covered": 100.0, "percent_covered_display": "100.00", "missing_lines": 0, "excluded_lines": 0, "num_branches": 0, "num_partial_branches": 0, "covered_branches": 0, "missing_branches": 0}, "missing_lines": [], "excluded_lines": [], "executed_branches": [], "missing_branches": []}, "ProgressBar.update": {"executed_lines": [38, 39], "summary": {"covered_lines": 2, "num_statements": 2, "percent_covered": 100.0, "percent_covered_display": "100.00", "missing_lines": 0, "excluded_lines": 0, "num_branches": 0, "num_partial_branches": 0, "covered_branches": 0, "missing_branches": 0}, "missing_lines": [], "excluded_lines": [], "executed_branches": [], "missing_branches": []}, "ProgressBar._display": {"executed_lines": [43, 44, 45, 47, 48, 49, 51, 55], "summary": {"covered_lines": 8, "num_statements": 8, "percent_covered": 100.0, "percent_covered_display": "100.00", "missing_lines": 0, "excluded_lines": 0, "num_branches": 0, "num_partial_branches": 0, "covered_branches": 0, "missing_branches": 0}, "missing_lines": [], "excluded_lines": [], "executed_branches": [], "missing_branches": []}, "ProgressBar._format_time": {"executed_lines": [60, 61, 62, 63, 64], "summary": {"covered_lines": 5, "num_statements": 5, "percent_covered": 100.0, "percent_covered_display": "100.00", "missing_lines": 0, "excluded_lines": 0, "num_branches": 4, "num_partial_branches": 0, "covered_branches": 4, "missing_branches": 0}, "missing_lines": [], "excluded_lines": [], "executed_branches": [[60, 61], [60, 62], [62, 63], [62, 64]], "missing_branches": []}, "ProgressBar.finish": {"executed_lines": [68, 69], "summary": {"covered_lines": 2, "num_statements": 2, "percent_covered": 100.0, "percent_covered_display": "100.00", "missing_lines": 0, "excluded_lines": 0, "num_branches": 0, "num_partial_branches": 0, "covered_branches": 0, "missing_branches": 0}, "missing_lines": [], "excluded_lines": [], "executed_branches": [], "missing_branches": []}, "SetupWizard.__init__": {"executed_lines": [81, 82, 83, 84, 85], "summary": {"covered_lines": 5, "num_statements": 5, "percent_covered": 100.0, "percent_covered_display": "100.00", "missing_lines": 0, "excluded_lines": 0, "num_branches": 0, "num_partial_branches": 0, "covered_branches": 0, "missing_branches": 0}, "missing_lines": [], "excluded_lines": [], "executed_branches": [], "missing_branches": []}, "SetupWizard._setup_logger": {"executed_lines": [90], "summary": {"covered_lines": 1, "num_statements": 1, "percent_covered": 100.0, "percent_covered_display": "100.00", "missing_lines": 0, "excluded_lines": 0, "num_branches": 0, "num_partial_branches": 0, "covered_branches": 0, "missing_branches": 0}, "missing_lines": [], "excluded_lines": [], "executed_branches": [], "missing_branches": []}, "SetupWizard.run": {"executed_lines": [], "summary": {"covered_lines": 0, "num_statements": 18, "percent_covered": 0.0, "percent_covered_display": "0.00", "missing_lines": 18, "excluded_lines": 0, "num_branches": 0, "num_partial_branches": 0, "covered_branches": 0, "missing_branches": 0}, "missing_lines": [98, 100, 101, 103, 104, 106, 107, 109, 110, 112, 113, 115, 116, 118, 119, 121, 122, 124], "excluded_lines": [], "executed_branches": [], "missing_branches": []}, "SetupWizard._print_header": {"executed_lines": [], "summary": {"covered_lines": 0, "num_statements": 0, "percent_covered": 100.0, "percent_covered_display": "100.00", "missing_lines": 0, "excluded_lines": 0, "num_branches": 0, "num_partial_branches": 0, "covered_branches": 0, "missing_branches": 0}, "missing_lines": [], "excluded_lines": [], "executed_branches": [], "missing_branches": []}, "SetupWizard._step_header": {"executed_lines": [], "summary": {"covered_lines": 0, "num_statements": 0, "percent_covered": 100.0, "percent_covered_display": "100.00", "missing_lines": 0, "excluded_lines": 0, "num_branches": 0, "num_partial_branches": 0, "covered_branches": 0, "missing_branches": 0}, "missing_lines": [], "excluded_lines": [], "executed_branches": [], "missing_branches": []}, "SetupWizard._ask_environment": {"executed_lines": [134, 136, 144, 145, 146, 147, 148], "summary": {"covered_lines": 7, "num_statements": 7, "percent_covered": 100.0, "percent_covered_display": "100.00", "missing_lines": 0, "excluded_lines": 0, "num_branches": 2, "num_partial_branches": 0, "covered_branches": 2, "missing_branches": 0}, "missing_lines": [], "excluded_lines": [], "executed_branches": [[146, 144], [146, 147]], "missing_branches": []}, "SetupWizard._ask_enabled_roles": {"executed_lines": [152, 154, 166, 169, 170, 172, 174, 175, 177, 178, 179, 180, 181, 182, 183, 185], "summary": {"covered_lines": 15, "num_statements": 15, "percent_covered": 94.73684210526316, "percent_covered_display": "94.74", "missing_lines": 0, "excluded_lines": 1, "num_branches": 4, "num_partial_branches": 1, "covered_branches": 3, "missing_branches": 1}, "missing_lines": [], "excluded_lines": [183], "executed_branches": [[172, 174], [172, 177], [179, 180]], "missing_branches": [[179, 169]]}, "SetupWizard._ask_shell": {"executed_lines": [189, 191, 199, 200, 201, 202, 203], "summary": {"covered_lines": 7, "num_statements": 7, "percent_covered": 88.88888888888889, "percent_covered_display": "88.89", "missing_lines": 0, "excluded_lines": 0, "num_branches": 2, "num_partial_branches": 1, "covered_branches": 1, "missing_branches": 1}, "missing_lines": [], "excluded_lines": [], "executed_branches": [[201, 202]], "missing_branches": [[201, 199]]}, "SetupWizard._ask_editors": {"executed_lines": [207, 209, 215, 216, 217, 220, 221, 223, 224], "summary": {"covered_lines": 9, "num_statements": 9, "percent_covered": 100.0, "percent_covered_display": "100.00", "missing_lines": 0, "excluded_lines": 0, "num_branches": 4, "num_partial_branches": 0, "covered_branches": 4, "missing_branches": 0}, "missing_lines": [], "excluded_lines": [], "executed_branches": [[216, 217], [216, 223], [220, 216], [220, 221]], "missing_branches": []}, "SetupWizard._ask_security": {"executed_lines": [228, 230, 236, 237, 238, 239, 241], "summary": {"covered_lines": 7, "num_statements": 7, "percent_covered": 100.0, "percent_covered_display": "100.00", "missing_lines": 0, "excluded_lines": 0, "num_branches": 2, "num_partial_branches": 0, "covered_branches": 2, "missing_branches": 0}, "missing_lines": [], "excluded_lines": [], "executed_branches": [[237, 238], [237, 241]], "missing_branches": []}, "SetupWizard._ask_backup": {"executed_lines": [245, 247, 250, 252, 253, 256], "summary": {"covered_lines": 6, "num_statements": 6, "percent_covered": 100.0, "percent_covered_display": "100.00", "missing_lines": 0, "excluded_lines": 0, "num_branches": 2, "num_partial_branches": 0, "covered_branches": 2, "missing_branches": 0}, "missing_lines": [], "excluded_lines": [], "executed_branches": [[252, -243], [252, 253]], "missing_branches": []}, "SetupWizard._ask_verification": {"executed_lines": [260, 262, 267, 269, 270], "summary": {"covered_lines": 4, "num_statements": 4, "percent_covered": 100.0, "percent_covered_display": "100.00", "missing_lines": 0, "excluded_lines": 1, "num_branches": 0, "num_partial_branches": 0, "covered_branches": 0, "missing_branches": 0}, "missing_lines": [], "excluded_lines": [270], "executed_branches": [], "missing_branches": []}, "SetupWizard._confirm_settings": {"executed_lines": [274, 276, 277, 280, 281, 284, 286, 290, 291], "summary": {"covered_lines": 9, "num_statements": 9, "percent_covered": 100.0, "percent_covered_display": "100.00", "missing_lines": 0, "excluded_lines": 0, "num_branches": 2, "num_partial_branches": 0, "covered_branches": 2, "missing_branches": 0}, "missing_lines": [], "excluded_lines": [], "executed_branches": [[290, -272], [290, 291]], "missing_branches": []}, "SetupWizard.save_config": {"executed_lines": [302, 303, 305, 306, 308, 309, 311, 312], "summary": {"covered_lines": 8, "num_statements": 8, "percent_covered": 100.0, "percent_covered_display": "100.00", "missing_lines": 0, "excluded_lines": 0, "num_branches": 2, "num_partial_branches": 0, "covered_branches": 2, "missing_branches": 0}, "missing_lines": [], "excluded_lines": [], "executed_branches": [[302, 303], [302, 305]], "missing_branches": []}, "main": {"executed_lines": [], "summary": {"covered_lines": 0, "num_statements": 11, "percent_covered": 0.0, "percent_covered_display": "0.00", "missing_lines": 11, "excluded_lines": 1, "num_branches": 0, "num_partial_branches": 0, "covered_branches": 0, "missing_branches": 0}, "missing_lines": [317, 318, 319, 320, 322, 325, 328, 330, 335, 336, 338], "excluded_lines": [331], "executed_branches": [], "missing_branches": []}, "": {"executed_lines": [3, 9, 10, 11, 12, 13, 14, 16, 18, 21, 22, 24, 36, 41, 57, 58, 66, 72, 73, 75, 87, 88, 92, 126, 129, 132, 150, 187, 205, 226, 243, 258, 272, 293, 315, 345, 353], "summary": {"covered_lines": 33, "num_statements": 33, "percent_covered": 100.0, "percent_covered_display": "100.00", "missing_lines": 0, "excluded_lines": 2, "num_branches": 0, "num_partial_branches": 0, "covered_branches": 0, "missing_branches": 0}, "missing_lines": [], "excluded_lines": [353, 354], "executed_branches": [], "missing_branches": []}}, "classes": {"ProgressBar": {"executed_lines": [31, 32, 33, 34, 38, 39, 43, 44, 45, 47, 48, 49, 51, 55, 60, 61, 62, 63, 64, 68, 69], "summary": {"covered_lines": 21, "num_statements": 21, "percent_covered": 100.0, "percent_covered_display": "100.00", "missing_lines": 0, "excluded_lines": 0, "num_branches": 4, "num_partial_branches": 0, "covered_branches": 4, "missing_branches": 0}, "missing_lines": [], "excluded_lines": [], "executed_branches": [[60, 61], [60, 62], [62, 63], [62, 64]], "missing_branches": []}, "SetupWizard": {"executed_lines": [81, 82, 83, 84, 85, 90, 134, 136, 144, 145, 146, 147, 148, 152, 154, 166, 169, 170, 172, 174, 175, 177, 178, 179, 180, 181, 182, 183, 185, 189, 191, 199, 200, 201, 202, 203, 207, 209, 215, 216, 217, 220, 221, 223, 224, 228, 230, 236, 237, 238, 239, 241, 245, 247, 250, 252, 253, 256, 260, 262, 267, 269, 270, 274, 276, 277, 280, 281, 284, 286, 290, 291, 302, 303, 305, 306, 308, 309, 311, 312], "summary": {"covered_lines": 78, "num_statements": 96, "percent_covered": 82.75862068965517, "percent_covered_display": "82.76", "missing_lines": 18, "excluded_lines": 2, "num_branches": 20, "num_partial_branches": 2, "covered_branches": 18, "missing_branches": 2}, "missing_lines": [98, 100, 101, 103, 104, 106, 107, 109, 110, 112, 113, 115, 116, 118, 119, 121, 122, 124], "excluded_lines": [183, 270], "executed_branches": [[146, 144], [146, 147], [172, 174], [172, 177], [179, 180], [201, 202], [216, 217], [216, 223], [220, 216], [220, 221], [237, 238], [237, 241], [252, -243], [252, 253], [290, -272], [290, 291], [302, 303], [302, 305]], "missing_branches": [[179, 169], [201, 199]]}, "": {"executed_lines": [3, 9, 10, 11, 12, 13, 14, 16, 18, 21, 22, 24, 36, 41, 57, 58, 66, 72, 73, 75, 87, 88, 92, 126, 129, 132, 150, 187, 205, 226, 243, 258, 272, 293, 315, 345, 353], "summary": {"covered_lines": 33, "num_statements": 44, "percent_covered": 75.0, "percent_covered_display": "75.00", "missing_lines": 11, "excluded_lines": 3, "num_branches": 0, "num_partial_branches": 0, "covered_branches": 0, "missing_branches": 0}, "missing_lines": [317, 318, 319, 320, 322, 325, 328, 330, 335, 336, 338], "excluded_lines": [331, 353, 354], "executed_branches": [], "missing_branches": []}}}, "cli/utils.py": {"executed_lines": [3, 11, 12, 19, 20, 32, 33, 34, 37, 38, 39, 40, 41, 42, 43, 44, 47, 48, 49, 50, 51, 59, 88, 90, 91, 92, 95, 96, 97, 99, 107, 108, 110, 111, 112, 114, 117, 118, 120, 121, 122, 123, 124, 126, 129, 130, 132, 133, 134, 136, 139, 140, 142, 143, 144, 145, 153, 154, 156, 158, 165, 171, 177, 178, 180, 190], "summary": {"covered_lines": 59, "num_statements": 59, "percent_covered": 100.0, "percent_covered_display": "100.00", "missing_lines": 0, "excluded_lines": 0, "num_branches": 2, "num_partial_branches": 0, "covered_branches": 2, "missing_branches": 0}, "missing_lines": [], "excluded_lines": [], "executed_branches": [[90, 91], [90, 99]], "missing_branches": [], "functions": {"setup_logger": {"executed_lines": [88, 90, 91, 92, 95, 96, 97, 99], "summary": {"covered_lines": 8, "num_statements": 8, "percent_covered": 100.0, "percent_covered_display": "100.00", "missing_lines": 0, "excluded_lines": 0, "num_branches": 2, "num_partial_branches": 0, "covered_branches": 2, "missing_branches": 0}, "missing_lines": [], "excluded_lines": [], "executed_branches": [[90, 91], [90, 99]], "missing_branches": []}, "ValidatorBase.print_status": {"executed_lines": [165, 171, 177, 178, 180], "summary": {"covered_lines": 5, "num_statements": 5, "percent_covered": 100.0, "percent_covered_display": "100.00", "missing_lines": 0, "excluded_lines": 0, "num_branches": 0, "num_partial_branches": 0, "covered_branches": 0, "missing_branches": 0}, "missing_lines": [], "excluded_lines": [], "executed_branches": [], "missing_branches": []}, "": {"executed_lines": [3, 11, 12, 19, 20, 32, 33, 34, 37, 38, 39, 40, 41, 42, 43, 44, 47, 48, 49, 50, 51, 59, 107, 108, 110, 111, 112, 114, 117, 118, 120, 121, 122, 123, 124, 126, 129, 130, 132, 133, 134, 136, 139, 140, 142, 143, 144, 145, 153, 154, 156, 158, 190], "summary": {"covered_lines": 46, "num_statements": 46, "percent_covered": 100.0, "percent_covered_display": "100.00", "missing_lines": 0, "excluded_lines": 0, "num_branches": 0, "num_partial_branches": 0, "covered_branches": 0, "missing_branches": 0}, "missing_lines": [], "excluded_lines": [], "executed_branches": [], "missing_branches": []}}, "classes": {"Colors": {"executed_lines": [], "summary": {"covered_lines": 0, "num_statements": 0, "percent_covered": 100.0, "percent_covered_display": "100.00", "missing_lines": 0, "excluded_lines": 0, "num_branches": 0, "num_partial_branches": 0, "covered_branches": 0, "missing_branches": 0}, "missing_lines": [], "excluded_lines": [], "executed_branches": [], "missing_branches": []}, "ConfigEnvironments": {"executed_lines": [], "summary": {"covered_lines": 0, "num_statements": 0, "percent_covered": 100.0, "percent_covered_display": "100.00", "missing_lines": 0, "excluded_lines": 0, "num_branches": 0, "num_partial_branches": 0, "covered_branches": 0, "missing_branches": 0}, "missing_lines": [], "excluded_lines": [], "executed_branches": [], "missing_branches": []}, "LogLevels": {"executed_lines": [], "summary": {"covered_lines": 0, "num_statements": 0, "percent_covered": 100.0, "percent_covered_display": "100.00", "missing_lines": 0, "excluded_lines": 0, "num_branches": 0, "num_partial_branches": 0, "covered_branches": 0, "missing_branches": 0}, "missing_lines": [], "excluded_lines": [], "executed_branches": [], "missing_branches": []}, "PluginPermissions": {"executed_lines": [], "summary": {"covered_lines": 0, "num_statements": 0, "percent_covered": 100.0, "percent_covered_display": "100.00", "missing_lines": 0, "excluded_lines": 0, "num_branches": 0, "num_partial_branches": 0, "covered_branches": 0, "missing_branches": 0}, "missing_lines": [], "excluded_lines": [], "executed_branches": [], "missing_branches": []}, "FilePermissions": {"executed_lines": [], "summary": {"covered_lines": 0, "num_statements": 0, "percent_covered": 100.0, "percent_covered_display": "100.00", "missing_lines": 0, "excluded_lines": 0, "num_branches": 0, "num_partial_branches": 0, "covered_branches": 0, "missing_branches": 0}, "missing_lines": [], "excluded_lines": [], "executed_branches": [], "missing_branches": []}, "ValidatorBase": {"executed_lines": [165, 171, 177, 178, 180], "summary": {"covered_lines": 5, "num_statements": 5, "percent_covered": 100.0, "percent_covered_display": "100.00", "missing_lines": 0, "excluded_lines": 0, "num_branches": 0, "num_partial_branches": 0, "covered_branches": 0, "missing_branches": 0}, "missing_lines": [], "excluded_lines": [], "executed_branches": [], "missing_branches": []}, "": {"executed_lines": [3, 11, 12, 19, 20, 32, 33, 34, 37, 38, 39, 40, 41, 42, 43, 44, 47, 48, 49, 50, 51, 59, 88, 90, 91, 92, 95, 96, 97, 99, 107, 108, 110, 111, 112, 114, 117, 118, 120, 121, 122, 123, 124, 126, 129, 130, 132, 133, 134, 136, 139, 140, 142, 143, 144, 145, 153, 154, 156, 158, 190], "summary": {"covered_lines": 54, "num_statements": 54, "percent_covered": 100.0, "percent_covered_display": "100.00", "missing_lines": 0, "excluded_lines": 0, "num_branches": 2, "num_partial_branches": 0, "covered_branches": 2, "missing_branches": 0}, "missing_lines": [], "excluded_lines": [], "executed_branches": [[90, 91], [90, 99]], "missing_branches": []}}}}, "totals": {"covered_lines": 1683, "num_statements": 2239, "percent_covered": 73.60963513992206, "percent_covered_display": "73.61", "missing_lines": 556, "excluded_lines": 148, "num_branches": 584, "num_partial_branches": 73, "covered_branches": 395, "missing_branches": 189}}
